<?xml version="1.0" encoding="UTF-8"?>
<testsuite name="minesim.ResizableCanvasTests" tests="2" skipped="0" failures="0" errors="0" timestamp="2015-11-22T10:06:09" hostname="Tims-Retina-MacBook-Pro.local" time="0.008">
  <properties/>
  <testcase name="initTest" classname="minesim.ResizableCanvasTests" time="0.004"/>
  <testcase name="bindTest" classname="minesim.ResizableCanvasTests" time="0.004"/>
  <system-out><![CDATA[]]></system-out>
  <system-err><![CDATA[]]></system-err>
</testsuite>
