<?xml version="1.0" encoding="UTF-8"?>
<testsuite name="minesim.tile.BasicCaveTileModifierTests" tests="2" skipped="0" failures="0" errors="0" timestamp="2015-11-23T02:47:33" hostname="James-PC" time="0.33">
  <properties/>
  <testcase name="testBasicCaveTileModifierConstructor" classname="minesim.tile.BasicCaveTileModifierTests" time="0.163"/>
  <testcase name="testGetNeighbourWallCount" classname="minesim.tile.BasicCaveTileModifierTests" time="0.167"/>
  <system-out><![CDATA[]]></system-out>
  <system-err><![CDATA[]]></system-err>
</testsuite>
