<?xml version="1.0" encoding="UTF-8"?>
<testsuite name="minesim.InventoryTests" tests="19" skipped="0" failures="0" errors="0" timestamp="2015-11-22T10:05:52" hostname="Tims-Retina-MacBook-Pro.local" time="0.281">
  <properties/>
  <testcase name="testEquipItemCases" classname="minesim.InventoryTests" time="0.022"/>
  <testcase name="testAddMultipleItemsOfOneTypeToInventory" classname="minesim.InventoryTests" time="0.007"/>
  <testcase name="testEquipHeadItem" classname="minesim.InventoryTests" time="0.012"/>
  <testcase name="testAddItemToInventory" classname="minesim.InventoryTests" time="0.001"/>
  <testcase name="testRemoveOneOfMultipleItemsFromInventory" classname="minesim.InventoryTests" time="0.002"/>
  <testcase name="testInventoryConstructor" classname="minesim.InventoryTests" time="0.002"/>
  <testcase name="testClearInventory" classname="minesim.InventoryTests" time="0.001"/>
  <testcase name="testAddItemToFullInventory" classname="minesim.InventoryTests" time="0.007"/>
  <testcase name="testEquipShoeItem" classname="minesim.InventoryTests" time="0.032"/>
  <testcase name="testDiggingToolMethods" classname="minesim.InventoryTests" time="0.001"/>
  <testcase name="testFindNonExistentItem" classname="minesim.InventoryTests" time="0.001"/>
  <testcase name="testRemoveNonExistentItem" classname="minesim.InventoryTests" time="0.001"/>
  <testcase name="testAddItemWithFullStack" classname="minesim.InventoryTests" time="0.001"/>
  <testcase name="testAddItemToInventoryWithFullStack" classname="minesim.InventoryTests" time="0.002"/>
  <testcase name="testEquipBodyItem" classname="minesim.InventoryTests" time="0.002"/>
  <testcase name="testEquipEquippedItem" classname="minesim.InventoryTests" time="0.003"/>
  <testcase name="testRemoveOnlyItemFromInventory" classname="minesim.InventoryTests" time="0.001"/>
  <testcase name="testEquipLegsItem" classname="minesim.InventoryTests" time="0.003"/>
  <testcase name="testAddMultipleItemsDifferentTypes" classname="minesim.InventoryTests" time="0.002"/>
  <system-out><![CDATA[]]></system-out>
  <system-err><![CDATA[Exception in thread "JavaFX Application Thread" java.lang.NullPointerException: Children: child node is null: parent = StackPane@339fd88c
	at javafx.scene.Parent$2.onProposedChange(Parent.java:431)
	at com.sun.javafx.collections.VetoableListDecorator.add(VetoableListDecorator.java:206)
	at minesim.ContextAreaHandler$1.run(ContextAreaHandler.java:127)
	at com.sun.javafx.application.PlatformImpl.lambda$null$164(PlatformImpl.java:292)
	at com.sun.javafx.application.PlatformImpl$$Lambda$56/704031901.run(Unknown Source)
	at java.security.AccessController.doPrivileged(Native Method)
	at com.sun.javafx.application.PlatformImpl.lambda$runLater$165(PlatformImpl.java:291)
	at com.sun.javafx.application.PlatformImpl$$Lambda$54/1466161724.run(Unknown Source)
	at com.sun.glass.ui.monocle.RunnableProcessor.runLoop(RunnableProcessor.java:77)
	at com.sun.glass.ui.monocle.RunnableProcessor.run(RunnableProcessor.java:47)
	at java.lang.Thread.run(Thread.java:745)
Exception in thread "JavaFX Application Thread" java.lang.NullPointerException: Children: child node is null: parent = StackPane@339fd88c
	at javafx.scene.Parent$2.onProposedChange(Parent.java:431)
	at com.sun.javafx.collections.VetoableListDecorator.add(VetoableListDecorator.java:206)
	at minesim.ContextAreaHandler$1.run(ContextAreaHandler.java:127)
	at com.sun.javafx.application.PlatformImpl.lambda$null$164(PlatformImpl.java:292)
	at com.sun.javafx.application.PlatformImpl$$Lambda$56/704031901.run(Unknown Source)
	at java.security.AccessController.doPrivileged(Native Method)
	at com.sun.javafx.application.PlatformImpl.lambda$runLater$165(PlatformImpl.java:291)
	at com.sun.javafx.application.PlatformImpl$$Lambda$54/1466161724.run(Unknown Source)
	at com.sun.glass.ui.monocle.RunnableProcessor.runLoop(RunnableProcessor.java:77)
	at com.sun.glass.ui.monocle.RunnableProcessor.run(RunnableProcessor.java:47)
	at java.lang.Thread.run(Thread.java:745)
Exception in thread "JavaFX Application Thread" java.lang.NullPointerException: Children: child node is null: parent = StackPane@339fd88c
	at javafx.scene.Parent$2.onProposedChange(Parent.java:431)
	at com.sun.javafx.collections.VetoableListDecorator.add(VetoableListDecorator.java:206)
	at minesim.ContextAreaHandler$1.run(ContextAreaHandler.java:127)
	at com.sun.javafx.application.PlatformImpl.lambda$null$164(PlatformImpl.java:292)
	at com.sun.javafx.application.PlatformImpl$$Lambda$56/704031901.run(Unknown Source)
	at java.security.AccessController.doPrivileged(Native Method)
	at com.sun.javafx.application.PlatformImpl.lambda$runLater$165(PlatformImpl.java:291)
	at com.sun.javafx.application.PlatformImpl$$Lambda$54/1466161724.run(Unknown Source)
	at com.sun.glass.ui.monocle.RunnableProcessor.runLoop(RunnableProcessor.java:77)
	at com.sun.glass.ui.monocle.RunnableProcessor.run(RunnableProcessor.java:47)
	at java.lang.Thread.run(Thread.java:745)
Exception in thread "JavaFX Application Thread" java.lang.NullPointerException: Children: child node is null: parent = StackPane@339fd88c
	at javafx.scene.Parent$2.onProposedChange(Parent.java:431)
	at com.sun.javafx.collections.VetoableListDecorator.add(VetoableListDecorator.java:206)
	at minesim.ContextAreaHandler$1.run(ContextAreaHandler.java:127)
	at com.sun.javafx.application.PlatformImpl.lambda$null$164(PlatformImpl.java:292)
	at com.sun.javafx.application.PlatformImpl$$Lambda$56/704031901.run(Unknown Source)
	at java.security.AccessController.doPrivileged(Native Method)
	at com.sun.javafx.application.PlatformImpl.lambda$runLater$165(PlatformImpl.java:291)
	at com.sun.javafx.application.PlatformImpl$$Lambda$54/1466161724.run(Unknown Source)
	at com.sun.glass.ui.monocle.RunnableProcessor.runLoop(RunnableProcessor.java:77)
	at com.sun.glass.ui.monocle.RunnableProcessor.run(RunnableProcessor.java:47)
	at java.lang.Thread.run(Thread.java:745)
Exception in thread "JavaFX Application Thread" java.lang.NullPointerException: Children: child node is null: parent = StackPane@339fd88c
	at javafx.scene.Parent$2.onProposedChange(Parent.java:431)
	at com.sun.javafx.collections.VetoableListDecorator.add(VetoableListDecorator.java:206)
	at minesim.ContextAreaHandler$1.run(ContextAreaHandler.java:127)
	at com.sun.javafx.application.PlatformImpl.lambda$null$164(PlatformImpl.java:292)
	at com.sun.javafx.application.PlatformImpl$$Lambda$56/704031901.run(Unknown Source)
	at java.security.AccessController.doPrivileged(Native Method)
	at com.sun.javafx.application.PlatformImpl.lambda$runLater$165(PlatformImpl.java:291)
	at com.sun.javafx.application.PlatformImpl$$Lambda$54/1466161724.run(Unknown Source)
	at com.sun.glass.ui.monocle.RunnableProcessor.runLoop(RunnableProcessor.java:77)
	at com.sun.glass.ui.monocle.RunnableProcessor.run(RunnableProcessor.java:47)
	at java.lang.Thread.run(Thread.java:745)
Exception in thread "JavaFX Application Thread" java.lang.NullPointerException: Children: child node is null: parent = StackPane@339fd88c
	at javafx.scene.Parent$2.onProposedChange(Parent.java:431)
	at com.sun.javafx.collections.VetoableListDecorator.add(VetoableListDecorator.java:206)
	at minesim.ContextAreaHandler$1.run(ContextAreaHandler.java:127)
	at com.sun.javafx.application.PlatformImpl.lambda$null$164(PlatformImpl.java:292)
	at com.sun.javafx.application.PlatformImpl$$Lambda$56/704031901.run(Unknown Source)
	at java.security.AccessController.doPrivileged(Native Method)
	at com.sun.javafx.application.PlatformImpl.lambda$runLater$165(PlatformImpl.java:291)
	at com.sun.javafx.application.PlatformImpl$$Lambda$54/1466161724.run(Unknown Source)
	at com.sun.glass.ui.monocle.RunnableProcessor.runLoop(RunnableProcessor.java:77)
	at com.sun.glass.ui.monocle.RunnableProcessor.run(RunnableProcessor.java:47)
	at java.lang.Thread.run(Thread.java:745)
Exception in thread "JavaFX Application Thread" java.lang.NullPointerException: Children: child node is null: parent = StackPane@339fd88c
	at javafx.scene.Parent$2.onProposedChange(Parent.java:431)
	at com.sun.javafx.collections.VetoableListDecorator.add(VetoableListDecorator.java:206)
	at minesim.ContextAreaHandler$1.run(ContextAreaHandler.java:127)
	at com.sun.javafx.application.PlatformImpl.lambda$null$164(PlatformImpl.java:292)
	at com.sun.javafx.application.PlatformImpl$$Lambda$56/704031901.run(Unknown Source)
	at java.security.AccessController.doPrivileged(Native Method)
	at com.sun.javafx.application.PlatformImpl.lambda$runLater$165(PlatformImpl.java:291)
	at com.sun.javafx.application.PlatformImpl$$Lambda$54/1466161724.run(Unknown Source)
	at com.sun.glass.ui.monocle.RunnableProcessor.runLoop(RunnableProcessor.java:77)
	at com.sun.glass.ui.monocle.RunnableProcessor.run(RunnableProcessor.java:47)
	at java.lang.Thread.run(Thread.java:745)
Exception in thread "JavaFX Application Thread" java.lang.NullPointerException: Children: child node is null: parent = StackPane@339fd88c
	at javafx.scene.Parent$2.onProposedChange(Parent.java:431)
	at com.sun.javafx.collections.VetoableListDecorator.add(VetoableListDecorator.java:206)
	at minesim.ContextAreaHandler$1.run(ContextAreaHandler.java:127)
	at com.sun.javafx.application.PlatformImpl.lambda$null$164(PlatformImpl.java:292)
	at com.sun.javafx.application.PlatformImpl$$Lambda$56/704031901.run(Unknown Source)
	at java.security.AccessController.doPrivileged(Native Method)
	at com.sun.javafx.application.PlatformImpl.lambda$runLater$165(PlatformImpl.java:291)
	at com.sun.javafx.application.PlatformImpl$$Lambda$54/1466161724.run(Unknown Source)
	at com.sun.glass.ui.monocle.RunnableProcessor.runLoop(RunnableProcessor.java:77)
	at com.sun.glass.ui.monocle.RunnableProcessor.run(RunnableProcessor.java:47)
	at java.lang.Thread.run(Thread.java:745)
Exception in thread "JavaFX Application Thread" java.lang.NullPointerException: Children: child node is null: parent = StackPane@339fd88c
	at javafx.scene.Parent$2.onProposedChange(Parent.java:431)
	at com.sun.javafx.collections.VetoableListDecorator.add(VetoableListDecorator.java:206)
	at minesim.ContextAreaHandler$1.run(ContextAreaHandler.java:127)
	at com.sun.javafx.application.PlatformImpl.lambda$null$164(PlatformImpl.java:292)
	at com.sun.javafx.application.PlatformImpl$$Lambda$56/704031901.run(Unknown Source)
	at java.security.AccessController.doPrivileged(Native Method)
	at com.sun.javafx.application.PlatformImpl.lambda$runLater$165(PlatformImpl.java:291)
	at com.sun.javafx.application.PlatformImpl$$Lambda$54/1466161724.run(Unknown Source)
	at com.sun.glass.ui.monocle.RunnableProcessor.runLoop(RunnableProcessor.java:77)
	at com.sun.glass.ui.monocle.RunnableProcessor.run(RunnableProcessor.java:47)
	at java.lang.Thread.run(Thread.java:745)
Exception in thread "JavaFX Application Thread" java.lang.NullPointerException: Children: child node is null: parent = StackPane@339fd88c
	at javafx.scene.Parent$2.onProposedChange(Parent.java:431)
	at com.sun.javafx.collections.VetoableListDecorator.add(VetoableListDecorator.java:206)
	at minesim.ContextAreaHandler$1.run(ContextAreaHandler.java:127)
	at com.sun.javafx.application.PlatformImpl.lambda$null$164(PlatformImpl.java:292)
	at com.sun.javafx.application.PlatformImpl$$Lambda$56/704031901.run(Unknown Source)
	at java.security.AccessController.doPrivileged(Native Method)
	at com.sun.javafx.application.PlatformImpl.lambda$runLater$165(PlatformImpl.java:291)
	at com.sun.javafx.application.PlatformImpl$$Lambda$54/1466161724.run(Unknown Source)
	at com.sun.glass.ui.monocle.RunnableProcessor.runLoop(RunnableProcessor.java:77)
	at com.sun.glass.ui.monocle.RunnableProcessor.run(RunnableProcessor.java:47)
	at java.lang.Thread.run(Thread.java:745)
Exception in thread "JavaFX Application Thread" java.lang.NullPointerException: Children: child node is null: parent = StackPane@339fd88c
	at javafx.scene.Parent$2.onProposedChange(Parent.java:431)
	at com.sun.javafx.collections.VetoableListDecorator.add(VetoableListDecorator.java:206)
	at minesim.ContextAreaHandler$1.run(ContextAreaHandler.java:127)
	at com.sun.javafx.application.PlatformImpl.lambda$null$164(PlatformImpl.java:292)
	at com.sun.javafx.application.PlatformImpl$$Lambda$56/704031901.run(Unknown Source)
	at java.security.AccessController.doPrivileged(Native Method)
	at com.sun.javafx.application.PlatformImpl.lambda$runLater$165(PlatformImpl.java:291)
	at com.sun.javafx.application.PlatformImpl$$Lambda$54/1466161724.run(Unknown Source)
	at com.sun.glass.ui.monocle.RunnableProcessor.runLoop(RunnableProcessor.java:77)
	at com.sun.glass.ui.monocle.RunnableProcessor.run(RunnableProcessor.java:47)
	at java.lang.Thread.run(Thread.java:745)
Exception in thread "JavaFX Application Thread" java.lang.NullPointerException: Children: child node is null: parent = StackPane@339fd88c
	at javafx.scene.Parent$2.onProposedChange(Parent.java:431)
	at com.sun.javafx.collections.VetoableListDecorator.add(VetoableListDecorator.java:206)
	at minesim.ContextAreaHandler$1.run(ContextAreaHandler.java:127)
	at com.sun.javafx.application.PlatformImpl.lambda$null$164(PlatformImpl.java:292)
	at com.sun.javafx.application.PlatformImpl$$Lambda$56/704031901.run(Unknown Source)
	at java.security.AccessController.doPrivileged(Native Method)
	at com.sun.javafx.application.PlatformImpl.lambda$runLater$165(PlatformImpl.java:291)
	at com.sun.javafx.application.PlatformImpl$$Lambda$54/1466161724.run(Unknown Source)
	at com.sun.glass.ui.monocle.RunnableProcessor.runLoop(RunnableProcessor.java:77)
	at com.sun.glass.ui.monocle.RunnableProcessor.run(RunnableProcessor.java:47)
	at java.lang.Thread.run(Thread.java:745)
Exception in thread "JavaFX Application Thread" java.lang.NullPointerException: Children: child node is null: parent = StackPane@339fd88c
	at javafx.scene.Parent$2.onProposedChange(Parent.java:431)
	at com.sun.javafx.collections.VetoableListDecorator.add(VetoableListDecorator.java:206)
	at minesim.ContextAreaHandler$1.run(ContextAreaHandler.java:127)
	at com.sun.javafx.application.PlatformImpl.lambda$null$164(PlatformImpl.java:292)
	at com.sun.javafx.application.PlatformImpl$$Lambda$56/704031901.run(Unknown Source)
	at java.security.AccessController.doPrivileged(Native Method)
	at com.sun.javafx.application.PlatformImpl.lambda$runLater$165(PlatformImpl.java:291)
	at com.sun.javafx.application.PlatformImpl$$Lambda$54/1466161724.run(Unknown Source)
	at com.sun.glass.ui.monocle.RunnableProcessor.runLoop(RunnableProcessor.java:77)
	at com.sun.glass.ui.monocle.RunnableProcessor.run(RunnableProcessor.java:47)
	at java.lang.Thread.run(Thread.java:745)
Exception in thread "JavaFX Application Thread" java.lang.NullPointerException: Children: child node is null: parent = StackPane@339fd88c
	at javafx.scene.Parent$2.onProposedChange(Parent.java:431)
	at com.sun.javafx.collections.VetoableListDecorator.add(VetoableListDecorator.java:206)
	at minesim.ContextAreaHandler$1.run(ContextAreaHandler.java:127)
	at com.sun.javafx.application.PlatformImpl.lambda$null$164(PlatformImpl.java:292)
	at com.sun.javafx.application.PlatformImpl$$Lambda$56/704031901.run(Unknown Source)
	at java.security.AccessController.doPrivileged(Native Method)
	at com.sun.javafx.application.PlatformImpl.lambda$runLater$165(PlatformImpl.java:291)
	at com.sun.javafx.application.PlatformImpl$$Lambda$54/1466161724.run(Unknown Source)
	at com.sun.glass.ui.monocle.RunnableProcessor.runLoop(RunnableProcessor.java:77)
	at com.sun.glass.ui.monocle.RunnableProcessor.run(RunnableProcessor.java:47)
	at java.lang.Thread.run(Thread.java:745)
Exception in thread "JavaFX Application Thread" java.lang.NullPointerException: Children: child node is null: parent = StackPane@339fd88c
	at javafx.scene.Parent$2.onProposedChange(Parent.java:431)
	at com.sun.javafx.collections.VetoableListDecorator.add(VetoableListDecorator.java:206)
	at minesim.ContextAreaHandler$1.run(ContextAreaHandler.java:127)
	at com.sun.javafx.application.PlatformImpl.lambda$null$164(PlatformImpl.java:292)
	at com.sun.javafx.application.PlatformImpl$$Lambda$56/704031901.run(Unknown Source)
	at java.security.AccessController.doPrivileged(Native Method)
	at com.sun.javafx.application.PlatformImpl.lambda$runLater$165(PlatformImpl.java:291)
	at com.sun.javafx.application.PlatformImpl$$Lambda$54/1466161724.run(Unknown Source)
	at com.sun.glass.ui.monocle.RunnableProcessor.runLoop(RunnableProcessor.java:77)
	at com.sun.glass.ui.monocle.RunnableProcessor.run(RunnableProcessor.java:47)
	at java.lang.Thread.run(Thread.java:745)
Exception in thread "JavaFX Application Thread" java.lang.NullPointerException: Children: child node is null: parent = StackPane@339fd88c
	at javafx.scene.Parent$2.onProposedChange(Parent.java:431)
	at com.sun.javafx.collections.VetoableListDecorator.add(VetoableListDecorator.java:206)
	at minesim.ContextAreaHandler$1.run(ContextAreaHandler.java:127)
	at com.sun.javafx.application.PlatformImpl.lambda$null$164(PlatformImpl.java:292)
	at com.sun.javafx.application.PlatformImpl$$Lambda$56/704031901.run(Unknown Source)
	at java.security.AccessController.doPrivileged(Native Method)
	at com.sun.javafx.application.PlatformImpl.lambda$runLater$165(PlatformImpl.java:291)
	at com.sun.javafx.application.PlatformImpl$$Lambda$54/1466161724.run(Unknown Source)
	at com.sun.glass.ui.monocle.RunnableProcessor.runLoop(RunnableProcessor.java:77)
	at com.sun.glass.ui.monocle.RunnableProcessor.run(RunnableProcessor.java:47)
	at java.lang.Thread.run(Thread.java:745)
Exception in thread "JavaFX Application Thread" java.lang.NullPointerException: Children: child node is null: parent = StackPane@339fd88c
	at javafx.scene.Parent$2.onProposedChange(Parent.java:431)
	at com.sun.javafx.collections.VetoableListDecorator.add(VetoableListDecorator.java:206)
	at minesim.ContextAreaHandler$1.run(ContextAreaHandler.java:127)
	at com.sun.javafx.application.PlatformImpl.lambda$null$164(PlatformImpl.java:292)
	at com.sun.javafx.application.PlatformImpl$$Lambda$56/704031901.run(Unknown Source)
	at java.security.AccessController.doPrivileged(Native Method)
	at com.sun.javafx.application.PlatformImpl.lambda$runLater$165(PlatformImpl.java:291)
	at com.sun.javafx.application.PlatformImpl$$Lambda$54/1466161724.run(Unknown Source)
	at com.sun.glass.ui.monocle.RunnableProcessor.runLoop(RunnableProcessor.java:77)
	at com.sun.glass.ui.monocle.RunnableProcessor.run(RunnableProcessor.java:47)
	at java.lang.Thread.run(Thread.java:745)
Exception in thread "JavaFX Application Thread" java.lang.NullPointerException: Children: child node is null: parent = StackPane@339fd88c
	at javafx.scene.Parent$2.onProposedChange(Parent.java:431)
	at com.sun.javafx.collections.VetoableListDecorator.add(VetoableListDecorator.java:206)
	at minesim.ContextAreaHandler$1.run(ContextAreaHandler.java:127)
	at com.sun.javafx.application.PlatformImpl.lambda$null$164(PlatformImpl.java:292)
	at com.sun.javafx.application.PlatformImpl$$Lambda$56/704031901.run(Unknown Source)
	at java.security.AccessController.doPrivileged(Native Method)
	at com.sun.javafx.application.PlatformImpl.lambda$runLater$165(PlatformImpl.java:291)
	at com.sun.javafx.application.PlatformImpl$$Lambda$54/1466161724.run(Unknown Source)
	at com.sun.glass.ui.monocle.RunnableProcessor.runLoop(RunnableProcessor.java:77)
	at com.sun.glass.ui.monocle.RunnableProcessor.run(RunnableProcessor.java:47)
	at java.lang.Thread.run(Thread.java:745)
Exception in thread "JavaFX Application Thread" java.lang.NullPointerException: Children: child node is null: parent = StackPane@339fd88c
	at javafx.scene.Parent$2.onProposedChange(Parent.java:431)
	at com.sun.javafx.collections.VetoableListDecorator.add(VetoableListDecorator.java:206)
	at minesim.ContextAreaHandler$1.run(ContextAreaHandler.java:127)
	at com.sun.javafx.application.PlatformImpl.lambda$null$164(PlatformImpl.java:292)
	at com.sun.javafx.application.PlatformImpl$$Lambda$56/704031901.run(Unknown Source)
	at java.security.AccessController.doPrivileged(Native Method)
	at com.sun.javafx.application.PlatformImpl.lambda$runLater$165(PlatformImpl.java:291)
	at com.sun.javafx.application.PlatformImpl$$Lambda$54/1466161724.run(Unknown Source)
	at com.sun.glass.ui.monocle.RunnableProcessor.runLoop(RunnableProcessor.java:77)
	at com.sun.glass.ui.monocle.RunnableProcessor.run(RunnableProcessor.java:47)
	at java.lang.Thread.run(Thread.java:745)
Exception in thread "JavaFX Application Thread" java.lang.NullPointerException: Children: child node is null: parent = StackPane@339fd88c
	at javafx.scene.Parent$2.onProposedChange(Parent.java:431)
	at com.sun.javafx.collections.VetoableListDecorator.add(VetoableListDecorator.java:206)
	at minesim.ContextAreaHandler$1.run(ContextAreaHandler.java:127)
	at com.sun.javafx.application.PlatformImpl.lambda$null$164(PlatformImpl.java:292)
	at com.sun.javafx.application.PlatformImpl$$Lambda$56/704031901.run(Unknown Source)
	at java.security.AccessController.doPrivileged(Native Method)
	at com.sun.javafx.application.PlatformImpl.lambda$runLater$165(PlatformImpl.java:291)
	at com.sun.javafx.application.PlatformImpl$$Lambda$54/1466161724.run(Unknown Source)
	at com.sun.glass.ui.monocle.RunnableProcessor.runLoop(RunnableProcessor.java:77)
	at com.sun.glass.ui.monocle.RunnableProcessor.run(RunnableProcessor.java:47)
	at java.lang.Thread.run(Thread.java:745)
Exception in thread "JavaFX Application Thread" java.lang.NullPointerException: Children: child node is null: parent = StackPane@339fd88c
	at javafx.scene.Parent$2.onProposedChange(Parent.java:431)
	at com.sun.javafx.collections.VetoableListDecorator.add(VetoableListDecorator.java:206)
	at minesim.ContextAreaHandler$1.run(ContextAreaHandler.java:127)
	at com.sun.javafx.application.PlatformImpl.lambda$null$164(PlatformImpl.java:292)
	at com.sun.javafx.application.PlatformImpl$$Lambda$56/704031901.run(Unknown Source)
	at java.security.AccessController.doPrivileged(Native Method)
	at com.sun.javafx.application.PlatformImpl.lambda$runLater$165(PlatformImpl.java:291)
	at com.sun.javafx.application.PlatformImpl$$Lambda$54/1466161724.run(Unknown Source)
	at com.sun.glass.ui.monocle.RunnableProcessor.runLoop(RunnableProcessor.java:77)
	at com.sun.glass.ui.monocle.RunnableProcessor.run(RunnableProcessor.java:47)
	at java.lang.Thread.run(Thread.java:745)
Exception in thread "JavaFX Application Thread" java.lang.NullPointerException: Children: child node is null: parent = StackPane@339fd88c
	at javafx.scene.Parent$2.onProposedChange(Parent.java:431)
	at com.sun.javafx.collections.VetoableListDecorator.add(VetoableListDecorator.java:206)
	at minesim.ContextAreaHandler$1.run(ContextAreaHandler.java:127)
	at com.sun.javafx.application.PlatformImpl.lambda$null$164(PlatformImpl.java:292)
	at com.sun.javafx.application.PlatformImpl$$Lambda$56/704031901.run(Unknown Source)
	at java.security.AccessController.doPrivileged(Native Method)
	at com.sun.javafx.application.PlatformImpl.lambda$runLater$165(PlatformImpl.java:291)
	at com.sun.javafx.application.PlatformImpl$$Lambda$54/1466161724.run(Unknown Source)
	at com.sun.glass.ui.monocle.RunnableProcessor.runLoop(RunnableProcessor.java:77)
	at com.sun.glass.ui.monocle.RunnableProcessor.run(RunnableProcessor.java:47)
	at java.lang.Thread.run(Thread.java:745)
Exception in thread "JavaFX Application Thread" java.lang.NullPointerException: Children: child node is null: parent = StackPane@339fd88c
	at javafx.scene.Parent$2.onProposedChange(Parent.java:431)
	at com.sun.javafx.collections.VetoableListDecorator.add(VetoableListDecorator.java:206)
	at minesim.ContextAreaHandler$1.run(ContextAreaHandler.java:127)
	at com.sun.javafx.application.PlatformImpl.lambda$null$164(PlatformImpl.java:292)
	at com.sun.javafx.application.PlatformImpl$$Lambda$56/704031901.run(Unknown Source)
	at java.security.AccessController.doPrivileged(Native Method)
	at com.sun.javafx.application.PlatformImpl.lambda$runLater$165(PlatformImpl.java:291)
	at com.sun.javafx.application.PlatformImpl$$Lambda$54/1466161724.run(Unknown Source)
	at com.sun.glass.ui.monocle.RunnableProcessor.runLoop(RunnableProcessor.java:77)
	at com.sun.glass.ui.monocle.RunnableProcessor.run(RunnableProcessor.java:47)
	at java.lang.Thread.run(Thread.java:745)
Exception in thread "JavaFX Application Thread" java.lang.NullPointerException: Children: child node is null: parent = StackPane@339fd88c
	at javafx.scene.Parent$2.onProposedChange(Parent.java:431)
	at com.sun.javafx.collections.VetoableListDecorator.add(VetoableListDecorator.java:206)
	at minesim.ContextAreaHandler$1.run(ContextAreaHandler.java:127)
	at com.sun.javafx.application.PlatformImpl.lambda$null$164(PlatformImpl.java:292)
	at com.sun.javafx.application.PlatformImpl$$Lambda$56/704031901.run(Unknown Source)
	at java.security.AccessController.doPrivileged(Native Method)
	at com.sun.javafx.application.PlatformImpl.lambda$runLater$165(PlatformImpl.java:291)
	at com.sun.javafx.application.PlatformImpl$$Lambda$54/1466161724.run(Unknown Source)
	at com.sun.glass.ui.monocle.RunnableProcessor.runLoop(RunnableProcessor.java:77)
	at com.sun.glass.ui.monocle.RunnableProcessor.run(RunnableProcessor.java:47)
	at java.lang.Thread.run(Thread.java:745)
Exception in thread "JavaFX Application Thread" java.lang.NullPointerException: Children: child node is null: parent = StackPane@339fd88c
	at javafx.scene.Parent$2.onProposedChange(Parent.java:431)
	at com.sun.javafx.collections.VetoableListDecorator.add(VetoableListDecorator.java:206)
	at minesim.ContextAreaHandler$1.run(ContextAreaHandler.java:127)
	at com.sun.javafx.application.PlatformImpl.lambda$null$164(PlatformImpl.java:292)
	at com.sun.javafx.application.PlatformImpl$$Lambda$56/704031901.run(Unknown Source)
	at java.security.AccessController.doPrivileged(Native Method)
	at com.sun.javafx.application.PlatformImpl.lambda$runLater$165(PlatformImpl.java:291)
	at com.sun.javafx.application.PlatformImpl$$Lambda$54/1466161724.run(Unknown Source)
	at com.sun.glass.ui.monocle.RunnableProcessor.runLoop(RunnableProcessor.java:77)
	at com.sun.glass.ui.monocle.RunnableProcessor.run(RunnableProcessor.java:47)
	at java.lang.Thread.run(Thread.java:745)
Exception in thread "JavaFX Application Thread" java.lang.NullPointerException: Children: child node is null: parent = StackPane@339fd88c
	at javafx.scene.Parent$2.onProposedChange(Parent.java:431)
	at com.sun.javafx.collections.VetoableListDecorator.add(VetoableListDecorator.java:206)
	at minesim.ContextAreaHandler$1.run(ContextAreaHandler.java:127)
	at com.sun.javafx.application.PlatformImpl.lambda$null$164(PlatformImpl.java:292)
	at com.sun.javafx.application.PlatformImpl$$Lambda$56/704031901.run(Unknown Source)
	at java.security.AccessController.doPrivileged(Native Method)
	at com.sun.javafx.application.PlatformImpl.lambda$runLater$165(PlatformImpl.java:291)
	at com.sun.javafx.application.PlatformImpl$$Lambda$54/1466161724.run(Unknown Source)
	at com.sun.glass.ui.monocle.RunnableProcessor.runLoop(RunnableProcessor.java:77)
	at com.sun.glass.ui.monocle.RunnableProcessor.run(RunnableProcessor.java:47)
	at java.lang.Thread.run(Thread.java:745)
Exception in thread "JavaFX Application Thread" java.lang.NullPointerException: Children: child node is null: parent = StackPane@339fd88c
	at javafx.scene.Parent$2.onProposedChange(Parent.java:431)
	at com.sun.javafx.collections.VetoableListDecorator.add(VetoableListDecorator.java:206)
	at minesim.ContextAreaHandler$1.run(ContextAreaHandler.java:127)
	at com.sun.javafx.application.PlatformImpl.lambda$null$164(PlatformImpl.java:292)
	at com.sun.javafx.application.PlatformImpl$$Lambda$56/704031901.run(Unknown Source)
	at java.security.AccessController.doPrivileged(Native Method)
	at com.sun.javafx.application.PlatformImpl.lambda$runLater$165(PlatformImpl.java:291)
	at com.sun.javafx.application.PlatformImpl$$Lambda$54/1466161724.run(Unknown Source)
	at com.sun.glass.ui.monocle.RunnableProcessor.runLoop(RunnableProcessor.java:77)
	at com.sun.glass.ui.monocle.RunnableProcessor.run(RunnableProcessor.java:47)
	at java.lang.Thread.run(Thread.java:745)
Exception in thread "JavaFX Application Thread" java.lang.NullPointerException: Children: child node is null: parent = StackPane@339fd88c
	at javafx.scene.Parent$2.onProposedChange(Parent.java:431)
	at com.sun.javafx.collections.VetoableListDecorator.add(VetoableListDecorator.java:206)
	at minesim.ContextAreaHandler$1.run(ContextAreaHandler.java:127)
	at com.sun.javafx.application.PlatformImpl.lambda$null$164(PlatformImpl.java:292)
	at com.sun.javafx.application.PlatformImpl$$Lambda$56/704031901.run(Unknown Source)
	at java.security.AccessController.doPrivileged(Native Method)
	at com.sun.javafx.application.PlatformImpl.lambda$runLater$165(PlatformImpl.java:291)
	at com.sun.javafx.application.PlatformImpl$$Lambda$54/1466161724.run(Unknown Source)
	at com.sun.glass.ui.monocle.RunnableProcessor.runLoop(RunnableProcessor.java:77)
	at com.sun.glass.ui.monocle.RunnableProcessor.run(RunnableProcessor.java:47)
	at java.lang.Thread.run(Thread.java:745)
Exception in thread "JavaFX Application Thread" java.lang.NullPointerException: Children: child node is null: parent = StackPane@339fd88c
	at javafx.scene.Parent$2.onProposedChange(Parent.java:431)
	at com.sun.javafx.collections.VetoableListDecorator.add(VetoableListDecorator.java:206)
	at minesim.ContextAreaHandler$1.run(ContextAreaHandler.java:127)
	at com.sun.javafx.application.PlatformImpl.lambda$null$164(PlatformImpl.java:292)
	at com.sun.javafx.application.PlatformImpl$$Lambda$56/704031901.run(Unknown Source)
	at java.security.AccessController.doPrivileged(Native Method)
	at com.sun.javafx.application.PlatformImpl.lambda$runLater$165(PlatformImpl.java:291)
	at com.sun.javafx.application.PlatformImpl$$Lambda$54/1466161724.run(Unknown Source)
	at com.sun.glass.ui.monocle.RunnableProcessor.runLoop(RunnableProcessor.java:77)
	at com.sun.glass.ui.monocle.RunnableProcessor.run(RunnableProcessor.java:47)
	at java.lang.Thread.run(Thread.java:745)
Exception in thread "JavaFX Application Thread" java.lang.NullPointerException: Children: child node is null: parent = StackPane@339fd88c
	at javafx.scene.Parent$2.onProposedChange(Parent.java:431)
	at com.sun.javafx.collections.VetoableListDecorator.add(VetoableListDecorator.java:206)
	at minesim.ContextAreaHandler$1.run(ContextAreaHandler.java:127)
	at com.sun.javafx.application.PlatformImpl.lambda$null$164(PlatformImpl.java:292)
	at com.sun.javafx.application.PlatformImpl$$Lambda$56/704031901.run(Unknown Source)
	at java.security.AccessController.doPrivileged(Native Method)
	at com.sun.javafx.application.PlatformImpl.lambda$runLater$165(PlatformImpl.java:291)
	at com.sun.javafx.application.PlatformImpl$$Lambda$54/1466161724.run(Unknown Source)
	at com.sun.glass.ui.monocle.RunnableProcessor.runLoop(RunnableProcessor.java:77)
	at com.sun.glass.ui.monocle.RunnableProcessor.run(RunnableProcessor.java:47)
	at java.lang.Thread.run(Thread.java:745)
Exception in thread "JavaFX Application Thread" java.lang.NullPointerException: Children: child node is null: parent = StackPane@339fd88c
	at javafx.scene.Parent$2.onProposedChange(Parent.java:431)
	at com.sun.javafx.collections.VetoableListDecorator.add(VetoableListDecorator.java:206)
	at minesim.ContextAreaHandler$1.run(ContextAreaHandler.java:127)
	at com.sun.javafx.application.PlatformImpl.lambda$null$164(PlatformImpl.java:292)
	at com.sun.javafx.application.PlatformImpl$$Lambda$56/704031901.run(Unknown Source)
	at java.security.AccessController.doPrivileged(Native Method)
	at com.sun.javafx.application.PlatformImpl.lambda$runLater$165(PlatformImpl.java:291)
	at com.sun.javafx.application.PlatformImpl$$Lambda$54/1466161724.run(Unknown Source)
	at com.sun.glass.ui.monocle.RunnableProcessor.runLoop(RunnableProcessor.java:77)
	at com.sun.glass.ui.monocle.RunnableProcessor.run(RunnableProcessor.java:47)
	at java.lang.Thread.run(Thread.java:745)
Exception in thread "JavaFX Application Thread" java.lang.NullPointerException: Children: child node is null: parent = StackPane@339fd88c
	at javafx.scene.Parent$2.onProposedChange(Parent.java:431)
	at com.sun.javafx.collections.VetoableListDecorator.add(VetoableListDecorator.java:206)
	at minesim.ContextAreaHandler$1.run(ContextAreaHandler.java:127)
	at com.sun.javafx.application.PlatformImpl.lambda$null$164(PlatformImpl.java:292)
	at com.sun.javafx.application.PlatformImpl$$Lambda$56/704031901.run(Unknown Source)
	at java.security.AccessController.doPrivileged(Native Method)
	at com.sun.javafx.application.PlatformImpl.lambda$runLater$165(PlatformImpl.java:291)
	at com.sun.javafx.application.PlatformImpl$$Lambda$54/1466161724.run(Unknown Source)
	at com.sun.glass.ui.monocle.RunnableProcessor.runLoop(RunnableProcessor.java:77)
	at com.sun.glass.ui.monocle.RunnableProcessor.run(RunnableProcessor.java:47)
	at java.lang.Thread.run(Thread.java:745)
Exception in thread "JavaFX Application Thread" java.lang.NullPointerException: Children: child node is null: parent = StackPane@339fd88c
	at javafx.scene.Parent$2.onProposedChange(Parent.java:431)
	at com.sun.javafx.collections.VetoableListDecorator.add(VetoableListDecorator.java:206)
	at minesim.ContextAreaHandler$1.run(ContextAreaHandler.java:127)
	at com.sun.javafx.application.PlatformImpl.lambda$null$164(PlatformImpl.java:292)
	at com.sun.javafx.application.PlatformImpl$$Lambda$56/704031901.run(Unknown Source)
	at java.security.AccessController.doPrivileged(Native Method)
	at com.sun.javafx.application.PlatformImpl.lambda$runLater$165(PlatformImpl.java:291)
	at com.sun.javafx.application.PlatformImpl$$Lambda$54/1466161724.run(Unknown Source)
	at com.sun.glass.ui.monocle.RunnableProcessor.runLoop(RunnableProcessor.java:77)
	at com.sun.glass.ui.monocle.RunnableProcessor.run(RunnableProcessor.java:47)
	at java.lang.Thread.run(Thread.java:745)
Exception in thread "JavaFX Application Thread" java.lang.NullPointerException: Children: child node is null: parent = StackPane@339fd88c
	at javafx.scene.Parent$2.onProposedChange(Parent.java:431)
	at com.sun.javafx.collections.VetoableListDecorator.add(VetoableListDecorator.java:206)
	at minesim.ContextAreaHandler$1.run(ContextAreaHandler.java:127)
	at com.sun.javafx.application.PlatformImpl.lambda$null$164(PlatformImpl.java:292)
	at com.sun.javafx.application.PlatformImpl$$Lambda$56/704031901.run(Unknown Source)
	at java.security.AccessController.doPrivileged(Native Method)
	at com.sun.javafx.application.PlatformImpl.lambda$runLater$165(PlatformImpl.java:291)
	at com.sun.javafx.application.PlatformImpl$$Lambda$54/1466161724.run(Unknown Source)
	at com.sun.glass.ui.monocle.RunnableProcessor.runLoop(RunnableProcessor.java:77)
	at com.sun.glass.ui.monocle.RunnableProcessor.run(RunnableProcessor.java:47)
	at java.lang.Thread.run(Thread.java:745)
Exception in thread "JavaFX Application Thread" java.lang.NullPointerException: Children: child node is null: parent = StackPane@339fd88c
	at javafx.scene.Parent$2.onProposedChange(Parent.java:431)
	at com.sun.javafx.collections.VetoableListDecorator.add(VetoableListDecorator.java:206)
	at minesim.ContextAreaHandler$1.run(ContextAreaHandler.java:127)
	at com.sun.javafx.application.PlatformImpl.lambda$null$164(PlatformImpl.java:292)
	at com.sun.javafx.application.PlatformImpl$$Lambda$56/704031901.run(Unknown Source)
	at java.security.AccessController.doPrivileged(Native Method)
	at com.sun.javafx.application.PlatformImpl.lambda$runLater$165(PlatformImpl.java:291)
	at com.sun.javafx.application.PlatformImpl$$Lambda$54/1466161724.run(Unknown Source)
	at com.sun.glass.ui.monocle.RunnableProcessor.runLoop(RunnableProcessor.java:77)
	at com.sun.glass.ui.monocle.RunnableProcessor.run(RunnableProcessor.java:47)
	at java.lang.Thread.run(Thread.java:745)
Exception in thread "JavaFX Application Thread" java.lang.NullPointerException: Children: child node is null: parent = StackPane@339fd88c
	at javafx.scene.Parent$2.onProposedChange(Parent.java:431)
	at com.sun.javafx.collections.VetoableListDecorator.add(VetoableListDecorator.java:206)
	at minesim.ContextAreaHandler$1.run(ContextAreaHandler.java:127)
	at com.sun.javafx.application.PlatformImpl.lambda$null$164(PlatformImpl.java:292)
	at com.sun.javafx.application.PlatformImpl$$Lambda$56/704031901.run(Unknown Source)
	at java.security.AccessController.doPrivileged(Native Method)
	at com.sun.javafx.application.PlatformImpl.lambda$runLater$165(PlatformImpl.java:291)
	at com.sun.javafx.application.PlatformImpl$$Lambda$54/1466161724.run(Unknown Source)
	at com.sun.glass.ui.monocle.RunnableProcessor.runLoop(RunnableProcessor.java:77)
	at com.sun.glass.ui.monocle.RunnableProcessor.run(RunnableProcessor.java:47)
	at java.lang.Thread.run(Thread.java:745)
Exception in thread "JavaFX Application Thread" java.lang.NullPointerException: Children: child node is null: parent = StackPane@339fd88c
	at javafx.scene.Parent$2.onProposedChange(Parent.java:431)
	at com.sun.javafx.collections.VetoableListDecorator.add(VetoableListDecorator.java:206)
	at minesim.ContextAreaHandler$1.run(ContextAreaHandler.java:127)
	at com.sun.javafx.application.PlatformImpl.lambda$null$164(PlatformImpl.java:292)
	at com.sun.javafx.application.PlatformImpl$$Lambda$56/704031901.run(Unknown Source)
	at java.security.AccessController.doPrivileged(Native Method)
	at com.sun.javafx.application.PlatformImpl.lambda$runLater$165(PlatformImpl.java:291)
	at com.sun.javafx.application.PlatformImpl$$Lambda$54/1466161724.run(Unknown Source)
	at com.sun.glass.ui.monocle.RunnableProcessor.runLoop(RunnableProcessor.java:77)
	at com.sun.glass.ui.monocle.RunnableProcessor.run(RunnableProcessor.java:47)
	at java.lang.Thread.run(Thread.java:745)
Exception in thread "JavaFX Application Thread" java.lang.NullPointerException: Children: child node is null: parent = StackPane@339fd88c
	at javafx.scene.Parent$2.onProposedChange(Parent.java:431)
	at com.sun.javafx.collections.VetoableListDecorator.add(VetoableListDecorator.java:206)
	at minesim.ContextAreaHandler$1.run(ContextAreaHandler.java:127)
	at com.sun.javafx.application.PlatformImpl.lambda$null$164(PlatformImpl.java:292)
	at com.sun.javafx.application.PlatformImpl$$Lambda$56/704031901.run(Unknown Source)
	at java.security.AccessController.doPrivileged(Native Method)
	at com.sun.javafx.application.PlatformImpl.lambda$runLater$165(PlatformImpl.java:291)
	at com.sun.javafx.application.PlatformImpl$$Lambda$54/1466161724.run(Unknown Source)
	at com.sun.glass.ui.monocle.RunnableProcessor.runLoop(RunnableProcessor.java:77)
	at com.sun.glass.ui.monocle.RunnableProcessor.run(RunnableProcessor.java:47)
	at java.lang.Thread.run(Thread.java:745)
Exception in thread "JavaFX Application Thread" java.lang.NullPointerException: Children: child node is null: parent = StackPane@339fd88c
	at javafx.scene.Parent$2.onProposedChange(Parent.java:431)
	at com.sun.javafx.collections.VetoableListDecorator.add(VetoableListDecorator.java:206)
	at minesim.ContextAreaHandler$1.run(ContextAreaHandler.java:127)
	at com.sun.javafx.application.PlatformImpl.lambda$null$164(PlatformImpl.java:292)
	at com.sun.javafx.application.PlatformImpl$$Lambda$56/704031901.run(Unknown Source)
	at java.security.AccessController.doPrivileged(Native Method)
	at com.sun.javafx.application.PlatformImpl.lambda$runLater$165(PlatformImpl.java:291)
	at com.sun.javafx.application.PlatformImpl$$Lambda$54/1466161724.run(Unknown Source)
	at com.sun.glass.ui.monocle.RunnableProcessor.runLoop(RunnableProcessor.java:77)
	at com.sun.glass.ui.monocle.RunnableProcessor.run(RunnableProcessor.java:47)
	at java.lang.Thread.run(Thread.java:745)
Exception in thread "JavaFX Application Thread" java.lang.NullPointerException: Children: child node is null: parent = StackPane@339fd88c
	at javafx.scene.Parent$2.onProposedChange(Parent.java:431)
	at com.sun.javafx.collections.VetoableListDecorator.add(VetoableListDecorator.java:206)
	at minesim.ContextAreaHandler$1.run(ContextAreaHandler.java:127)
	at com.sun.javafx.application.PlatformImpl.lambda$null$164(PlatformImpl.java:292)
	at com.sun.javafx.application.PlatformImpl$$Lambda$56/704031901.run(Unknown Source)
	at java.security.AccessController.doPrivileged(Native Method)
	at com.sun.javafx.application.PlatformImpl.lambda$runLater$165(PlatformImpl.java:291)
	at com.sun.javafx.application.PlatformImpl$$Lambda$54/1466161724.run(Unknown Source)
	at com.sun.glass.ui.monocle.RunnableProcessor.runLoop(RunnableProcessor.java:77)
	at com.sun.glass.ui.monocle.RunnableProcessor.run(RunnableProcessor.java:47)
	at java.lang.Thread.run(Thread.java:745)
Exception in thread "JavaFX Application Thread" java.lang.NullPointerException: Children: child node is null: parent = StackPane@339fd88c
	at javafx.scene.Parent$2.onProposedChange(Parent.java:431)
	at com.sun.javafx.collections.VetoableListDecorator.add(VetoableListDecorator.java:206)
	at minesim.ContextAreaHandler$1.run(ContextAreaHandler.java:127)
	at com.sun.javafx.application.PlatformImpl.lambda$null$164(PlatformImpl.java:292)
	at com.sun.javafx.application.PlatformImpl$$Lambda$56/704031901.run(Unknown Source)
	at java.security.AccessController.doPrivileged(Native Method)
	at com.sun.javafx.application.PlatformImpl.lambda$runLater$165(PlatformImpl.java:291)
	at com.sun.javafx.application.PlatformImpl$$Lambda$54/1466161724.run(Unknown Source)
	at com.sun.glass.ui.monocle.RunnableProcessor.runLoop(RunnableProcessor.java:77)
	at com.sun.glass.ui.monocle.RunnableProcessor.run(RunnableProcessor.java:47)
	at java.lang.Thread.run(Thread.java:745)
Exception in thread "JavaFX Application Thread" java.lang.NullPointerException: Children: child node is null: parent = StackPane@339fd88c
	at javafx.scene.Parent$2.onProposedChange(Parent.java:431)
	at com.sun.javafx.collections.VetoableListDecorator.add(VetoableListDecorator.java:206)
	at minesim.ContextAreaHandler$1.run(ContextAreaHandler.java:127)
	at com.sun.javafx.application.PlatformImpl.lambda$null$164(PlatformImpl.java:292)
	at com.sun.javafx.application.PlatformImpl$$Lambda$56/704031901.run(Unknown Source)
	at java.security.AccessController.doPrivileged(Native Method)
	at com.sun.javafx.application.PlatformImpl.lambda$runLater$165(PlatformImpl.java:291)
	at com.sun.javafx.application.PlatformImpl$$Lambda$54/1466161724.run(Unknown Source)
	at com.sun.glass.ui.monocle.RunnableProcessor.runLoop(RunnableProcessor.java:77)
	at com.sun.glass.ui.monocle.RunnableProcessor.run(RunnableProcessor.java:47)
	at java.lang.Thread.run(Thread.java:745)
Exception in thread "JavaFX Application Thread" java.lang.NullPointerException: Children: child node is null: parent = StackPane@339fd88c
	at javafx.scene.Parent$2.onProposedChange(Parent.java:431)
	at com.sun.javafx.collections.VetoableListDecorator.add(VetoableListDecorator.java:206)
	at minesim.ContextAreaHandler$1.run(ContextAreaHandler.java:127)
	at com.sun.javafx.application.PlatformImpl.lambda$null$164(PlatformImpl.java:292)
	at com.sun.javafx.application.PlatformImpl$$Lambda$56/704031901.run(Unknown Source)
	at java.security.AccessController.doPrivileged(Native Method)
	at com.sun.javafx.application.PlatformImpl.lambda$runLater$165(PlatformImpl.java:291)
	at com.sun.javafx.application.PlatformImpl$$Lambda$54/1466161724.run(Unknown Source)
	at com.sun.glass.ui.monocle.RunnableProcessor.runLoop(RunnableProcessor.java:77)
	at com.sun.glass.ui.monocle.RunnableProcessor.run(RunnableProcessor.java:47)
	at java.lang.Thread.run(Thread.java:745)
Exception in thread "JavaFX Application Thread" java.lang.NullPointerException: Children: child node is null: parent = StackPane@339fd88c
	at javafx.scene.Parent$2.onProposedChange(Parent.java:431)
	at com.sun.javafx.collections.VetoableListDecorator.add(VetoableListDecorator.java:206)
	at minesim.ContextAreaHandler$1.run(ContextAreaHandler.java:127)
	at com.sun.javafx.application.PlatformImpl.lambda$null$164(PlatformImpl.java:292)
	at com.sun.javafx.application.PlatformImpl$$Lambda$56/704031901.run(Unknown Source)
	at java.security.AccessController.doPrivileged(Native Method)
	at com.sun.javafx.application.PlatformImpl.lambda$runLater$165(PlatformImpl.java:291)
	at com.sun.javafx.application.PlatformImpl$$Lambda$54/1466161724.run(Unknown Source)
	at com.sun.glass.ui.monocle.RunnableProcessor.runLoop(RunnableProcessor.java:77)
	at com.sun.glass.ui.monocle.RunnableProcessor.run(RunnableProcessor.java:47)
	at java.lang.Thread.run(Thread.java:745)
Exception in thread "JavaFX Application Thread" java.lang.NullPointerException: Children: child node is null: parent = StackPane@339fd88c
	at javafx.scene.Parent$2.onProposedChange(Parent.java:431)
	at com.sun.javafx.collections.VetoableListDecorator.add(VetoableListDecorator.java:206)
	at minesim.ContextAreaHandler$1.run(ContextAreaHandler.java:127)
	at com.sun.javafx.application.PlatformImpl.lambda$null$164(PlatformImpl.java:292)
	at com.sun.javafx.application.PlatformImpl$$Lambda$56/704031901.run(Unknown Source)
	at java.security.AccessController.doPrivileged(Native Method)
	at com.sun.javafx.application.PlatformImpl.lambda$runLater$165(PlatformImpl.java:291)
	at com.sun.javafx.application.PlatformImpl$$Lambda$54/1466161724.run(Unknown Source)
	at com.sun.glass.ui.monocle.RunnableProcessor.runLoop(RunnableProcessor.java:77)
	at com.sun.glass.ui.monocle.RunnableProcessor.run(RunnableProcessor.java:47)
	at java.lang.Thread.run(Thread.java:745)
Exception in thread "JavaFX Application Thread" java.lang.NullPointerException: Children: child node is null: parent = StackPane@339fd88c
	at javafx.scene.Parent$2.onProposedChange(Parent.java:431)
	at com.sun.javafx.collections.VetoableListDecorator.add(VetoableListDecorator.java:206)
	at minesim.ContextAreaHandler$1.run(ContextAreaHandler.java:127)
	at com.sun.javafx.application.PlatformImpl.lambda$null$164(PlatformImpl.java:292)
	at com.sun.javafx.application.PlatformImpl$$Lambda$56/704031901.run(Unknown Source)
	at java.security.AccessController.doPrivileged(Native Method)
	at com.sun.javafx.application.PlatformImpl.lambda$runLater$165(PlatformImpl.java:291)
	at com.sun.javafx.application.PlatformImpl$$Lambda$54/1466161724.run(Unknown Source)
	at com.sun.glass.ui.monocle.RunnableProcessor.runLoop(RunnableProcessor.java:77)
	at com.sun.glass.ui.monocle.RunnableProcessor.run(RunnableProcessor.java:47)
	at java.lang.Thread.run(Thread.java:745)
Exception in thread "JavaFX Application Thread" java.lang.NullPointerException: Children: child node is null: parent = StackPane@339fd88c
	at javafx.scene.Parent$2.onProposedChange(Parent.java:431)
	at com.sun.javafx.collections.VetoableListDecorator.add(VetoableListDecorator.java:206)
	at minesim.ContextAreaHandler$1.run(ContextAreaHandler.java:127)
	at com.sun.javafx.application.PlatformImpl.lambda$null$164(PlatformImpl.java:292)
	at com.sun.javafx.application.PlatformImpl$$Lambda$56/704031901.run(Unknown Source)
	at java.security.AccessController.doPrivileged(Native Method)
	at com.sun.javafx.application.PlatformImpl.lambda$runLater$165(PlatformImpl.java:291)
	at com.sun.javafx.application.PlatformImpl$$Lambda$54/1466161724.run(Unknown Source)
	at com.sun.glass.ui.monocle.RunnableProcessor.runLoop(RunnableProcessor.java:77)
	at com.sun.glass.ui.monocle.RunnableProcessor.run(RunnableProcessor.java:47)
	at java.lang.Thread.run(Thread.java:745)
Exception in thread "JavaFX Application Thread" java.lang.NullPointerException: Children: child node is null: parent = StackPane@339fd88c
	at javafx.scene.Parent$2.onProposedChange(Parent.java:431)
	at com.sun.javafx.collections.VetoableListDecorator.add(VetoableListDecorator.java:206)
	at minesim.ContextAreaHandler$1.run(ContextAreaHandler.java:127)
	at com.sun.javafx.application.PlatformImpl.lambda$null$164(PlatformImpl.java:292)
	at com.sun.javafx.application.PlatformImpl$$Lambda$56/704031901.run(Unknown Source)
	at java.security.AccessController.doPrivileged(Native Method)
	at com.sun.javafx.application.PlatformImpl.lambda$runLater$165(PlatformImpl.java:291)
	at com.sun.javafx.application.PlatformImpl$$Lambda$54/1466161724.run(Unknown Source)
	at com.sun.glass.ui.monocle.RunnableProcessor.runLoop(RunnableProcessor.java:77)
	at com.sun.glass.ui.monocle.RunnableProcessor.run(RunnableProcessor.java:47)
	at java.lang.Thread.run(Thread.java:745)
Exception in thread "JavaFX Application Thread" java.lang.NullPointerException: Children: child node is null: parent = StackPane@339fd88c
	at javafx.scene.Parent$2.onProposedChange(Parent.java:431)
	at com.sun.javafx.collections.VetoableListDecorator.add(VetoableListDecorator.java:206)
	at minesim.ContextAreaHandler$1.run(ContextAreaHandler.java:127)
	at com.sun.javafx.application.PlatformImpl.lambda$null$164(PlatformImpl.java:292)
	at com.sun.javafx.application.PlatformImpl$$Lambda$56/704031901.run(Unknown Source)
	at java.security.AccessController.doPrivileged(Native Method)
	at com.sun.javafx.application.PlatformImpl.lambda$runLater$165(PlatformImpl.java:291)
	at com.sun.javafx.application.PlatformImpl$$Lambda$54/1466161724.run(Unknown Source)
	at com.sun.glass.ui.monocle.RunnableProcessor.runLoop(RunnableProcessor.java:77)
	at com.sun.glass.ui.monocle.RunnableProcessor.run(RunnableProcessor.java:47)
	at java.lang.Thread.run(Thread.java:745)
Exception in thread "JavaFX Application Thread" java.lang.NullPointerException: Children: child node is null: parent = StackPane@339fd88c
	at javafx.scene.Parent$2.onProposedChange(Parent.java:431)
	at com.sun.javafx.collections.VetoableListDecorator.add(VetoableListDecorator.java:206)
	at minesim.ContextAreaHandler$1.run(ContextAreaHandler.java:127)
	at com.sun.javafx.application.PlatformImpl.lambda$null$164(PlatformImpl.java:292)
	at com.sun.javafx.application.PlatformImpl$$Lambda$56/704031901.run(Unknown Source)
	at java.security.AccessController.doPrivileged(Native Method)
	at com.sun.javafx.application.PlatformImpl.lambda$runLater$165(PlatformImpl.java:291)
	at com.sun.javafx.application.PlatformImpl$$Lambda$54/1466161724.run(Unknown Source)
	at com.sun.glass.ui.monocle.RunnableProcessor.runLoop(RunnableProcessor.java:77)
	at com.sun.glass.ui.monocle.RunnableProcessor.run(RunnableProcessor.java:47)
	at java.lang.Thread.run(Thread.java:745)
Exception in thread "JavaFX Application Thread" java.lang.NullPointerException: Children: child node is null: parent = StackPane@339fd88c
	at javafx.scene.Parent$2.onProposedChange(Parent.java:431)
	at com.sun.javafx.collections.VetoableListDecorator.add(VetoableListDecorator.java:206)
	at minesim.ContextAreaHandler$1.run(ContextAreaHandler.java:127)
	at com.sun.javafx.application.PlatformImpl.lambda$null$164(PlatformImpl.java:292)
	at com.sun.javafx.application.PlatformImpl$$Lambda$56/704031901.run(Unknown Source)
	at java.security.AccessController.doPrivileged(Native Method)
	at com.sun.javafx.application.PlatformImpl.lambda$runLater$165(PlatformImpl.java:291)
	at com.sun.javafx.application.PlatformImpl$$Lambda$54/1466161724.run(Unknown Source)
	at com.sun.glass.ui.monocle.RunnableProcessor.runLoop(RunnableProcessor.java:77)
	at com.sun.glass.ui.monocle.RunnableProcessor.run(RunnableProcessor.java:47)
	at java.lang.Thread.run(Thread.java:745)
Exception in thread "JavaFX Application Thread" java.lang.NullPointerException: Children: child node is null: parent = StackPane@339fd88c
	at javafx.scene.Parent$2.onProposedChange(Parent.java:431)
	at com.sun.javafx.collections.VetoableListDecorator.add(VetoableListDecorator.java:206)
	at minesim.ContextAreaHandler$1.run(ContextAreaHandler.java:127)
	at com.sun.javafx.application.PlatformImpl.lambda$null$164(PlatformImpl.java:292)
	at com.sun.javafx.application.PlatformImpl$$Lambda$56/704031901.run(Unknown Source)
	at java.security.AccessController.doPrivileged(Native Method)
	at com.sun.javafx.application.PlatformImpl.lambda$runLater$165(PlatformImpl.java:291)
	at com.sun.javafx.application.PlatformImpl$$Lambda$54/1466161724.run(Unknown Source)
	at com.sun.glass.ui.monocle.RunnableProcessor.runLoop(RunnableProcessor.java:77)
	at com.sun.glass.ui.monocle.RunnableProcessor.run(RunnableProcessor.java:47)
	at java.lang.Thread.run(Thread.java:745)
Exception in thread "JavaFX Application Thread" java.lang.NullPointerException: Children: child node is null: parent = StackPane@339fd88c
	at javafx.scene.Parent$2.onProposedChange(Parent.java:431)
	at com.sun.javafx.collections.VetoableListDecorator.add(VetoableListDecorator.java:206)
	at minesim.ContextAreaHandler$1.run(ContextAreaHandler.java:127)
	at com.sun.javafx.application.PlatformImpl.lambda$null$164(PlatformImpl.java:292)
	at com.sun.javafx.application.PlatformImpl$$Lambda$56/704031901.run(Unknown Source)
	at java.security.AccessController.doPrivileged(Native Method)
	at com.sun.javafx.application.PlatformImpl.lambda$runLater$165(PlatformImpl.java:291)
	at com.sun.javafx.application.PlatformImpl$$Lambda$54/1466161724.run(Unknown Source)
	at com.sun.glass.ui.monocle.RunnableProcessor.runLoop(RunnableProcessor.java:77)
	at com.sun.glass.ui.monocle.RunnableProcessor.run(RunnableProcessor.java:47)
	at java.lang.Thread.run(Thread.java:745)
Exception in thread "JavaFX Application Thread" java.lang.NullPointerException: Children: child node is null: parent = StackPane@339fd88c
	at javafx.scene.Parent$2.onProposedChange(Parent.java:431)
	at com.sun.javafx.collections.VetoableListDecorator.add(VetoableListDecorator.java:206)
	at minesim.ContextAreaHandler$1.run(ContextAreaHandler.java:127)
	at com.sun.javafx.application.PlatformImpl.lambda$null$164(PlatformImpl.java:292)
	at com.sun.javafx.application.PlatformImpl$$Lambda$56/704031901.run(Unknown Source)
	at java.security.AccessController.doPrivileged(Native Method)
	at com.sun.javafx.application.PlatformImpl.lambda$runLater$165(PlatformImpl.java:291)
	at com.sun.javafx.application.PlatformImpl$$Lambda$54/1466161724.run(Unknown Source)
	at com.sun.glass.ui.monocle.RunnableProcessor.runLoop(RunnableProcessor.java:77)
	at com.sun.glass.ui.monocle.RunnableProcessor.run(RunnableProcessor.java:47)
	at java.lang.Thread.run(Thread.java:745)
Exception in thread "JavaFX Application Thread" java.lang.NullPointerException: Children: child node is null: parent = StackPane@339fd88c
	at javafx.scene.Parent$2.onProposedChange(Parent.java:431)
	at com.sun.javafx.collections.VetoableListDecorator.add(VetoableListDecorator.java:206)
	at minesim.ContextAreaHandler$1.run(ContextAreaHandler.java:127)
	at com.sun.javafx.application.PlatformImpl.lambda$null$164(PlatformImpl.java:292)
	at com.sun.javafx.application.PlatformImpl$$Lambda$56/704031901.run(Unknown Source)
	at java.security.AccessController.doPrivileged(Native Method)
	at com.sun.javafx.application.PlatformImpl.lambda$runLater$165(PlatformImpl.java:291)
	at com.sun.javafx.application.PlatformImpl$$Lambda$54/1466161724.run(Unknown Source)
	at com.sun.glass.ui.monocle.RunnableProcessor.runLoop(RunnableProcessor.java:77)
	at com.sun.glass.ui.monocle.RunnableProcessor.run(RunnableProcessor.java:47)
	at java.lang.Thread.run(Thread.java:745)
Exception in thread "JavaFX Application Thread" java.lang.NullPointerException: Children: child node is null: parent = StackPane@339fd88c
	at javafx.scene.Parent$2.onProposedChange(Parent.java:431)
	at com.sun.javafx.collections.VetoableListDecorator.add(VetoableListDecorator.java:206)
	at minesim.ContextAreaHandler$1.run(ContextAreaHandler.java:127)
	at com.sun.javafx.application.PlatformImpl.lambda$null$164(PlatformImpl.java:292)
	at com.sun.javafx.application.PlatformImpl$$Lambda$56/704031901.run(Unknown Source)
	at java.security.AccessController.doPrivileged(Native Method)
	at com.sun.javafx.application.PlatformImpl.lambda$runLater$165(PlatformImpl.java:291)
	at com.sun.javafx.application.PlatformImpl$$Lambda$54/1466161724.run(Unknown Source)
	at com.sun.glass.ui.monocle.RunnableProcessor.runLoop(RunnableProcessor.java:77)
	at com.sun.glass.ui.monocle.RunnableProcessor.run(RunnableProcessor.java:47)
	at java.lang.Thread.run(Thread.java:745)
Exception in thread "JavaFX Application Thread" java.lang.NullPointerException: Children: child node is null: parent = StackPane@339fd88c
	at javafx.scene.Parent$2.onProposedChange(Parent.java:431)
	at com.sun.javafx.collections.VetoableListDecorator.add(VetoableListDecorator.java:206)
	at minesim.ContextAreaHandler$1.run(ContextAreaHandler.java:127)
	at com.sun.javafx.application.PlatformImpl.lambda$null$164(PlatformImpl.java:292)
	at com.sun.javafx.application.PlatformImpl$$Lambda$56/704031901.run(Unknown Source)
	at java.security.AccessController.doPrivileged(Native Method)
	at com.sun.javafx.application.PlatformImpl.lambda$runLater$165(PlatformImpl.java:291)
	at com.sun.javafx.application.PlatformImpl$$Lambda$54/1466161724.run(Unknown Source)
	at com.sun.glass.ui.monocle.RunnableProcessor.runLoop(RunnableProcessor.java:77)
	at com.sun.glass.ui.monocle.RunnableProcessor.run(RunnableProcessor.java:47)
	at java.lang.Thread.run(Thread.java:745)
Exception in thread "JavaFX Application Thread" java.lang.NullPointerException: Children: child node is null: parent = StackPane@339fd88c
	at javafx.scene.Parent$2.onProposedChange(Parent.java:431)
	at com.sun.javafx.collections.VetoableListDecorator.add(VetoableListDecorator.java:206)
	at minesim.ContextAreaHandler$1.run(ContextAreaHandler.java:127)
	at com.sun.javafx.application.PlatformImpl.lambda$null$164(PlatformImpl.java:292)
	at com.sun.javafx.application.PlatformImpl$$Lambda$56/704031901.run(Unknown Source)
	at java.security.AccessController.doPrivileged(Native Method)
	at com.sun.javafx.application.PlatformImpl.lambda$runLater$165(PlatformImpl.java:291)
	at com.sun.javafx.application.PlatformImpl$$Lambda$54/1466161724.run(Unknown Source)
	at com.sun.glass.ui.monocle.RunnableProcessor.runLoop(RunnableProcessor.java:77)
	at com.sun.glass.ui.monocle.RunnableProcessor.run(RunnableProcessor.java:47)
	at java.lang.Thread.run(Thread.java:745)
Exception in thread "JavaFX Application Thread" java.lang.NullPointerException: Children: child node is null: parent = StackPane@339fd88c
	at javafx.scene.Parent$2.onProposedChange(Parent.java:431)
	at com.sun.javafx.collections.VetoableListDecorator.add(VetoableListDecorator.java:206)
	at minesim.ContextAreaHandler$1.run(ContextAreaHandler.java:127)
	at com.sun.javafx.application.PlatformImpl.lambda$null$164(PlatformImpl.java:292)
	at com.sun.javafx.application.PlatformImpl$$Lambda$56/704031901.run(Unknown Source)
	at java.security.AccessController.doPrivileged(Native Method)
	at com.sun.javafx.application.PlatformImpl.lambda$runLater$165(PlatformImpl.java:291)
	at com.sun.javafx.application.PlatformImpl$$Lambda$54/1466161724.run(Unknown Source)
	at com.sun.glass.ui.monocle.RunnableProcessor.runLoop(RunnableProcessor.java:77)
	at com.sun.glass.ui.monocle.RunnableProcessor.run(RunnableProcessor.java:47)
	at java.lang.Thread.run(Thread.java:745)
Exception in thread "JavaFX Application Thread" java.lang.NullPointerException: Children: child node is null: parent = StackPane@339fd88c
	at javafx.scene.Parent$2.onProposedChange(Parent.java:431)
	at com.sun.javafx.collections.VetoableListDecorator.add(VetoableListDecorator.java:206)
	at minesim.ContextAreaHandler$1.run(ContextAreaHandler.java:127)
	at com.sun.javafx.application.PlatformImpl.lambda$null$164(PlatformImpl.java:292)
	at com.sun.javafx.application.PlatformImpl$$Lambda$56/704031901.run(Unknown Source)
	at java.security.AccessController.doPrivileged(Native Method)
	at com.sun.javafx.application.PlatformImpl.lambda$runLater$165(PlatformImpl.java:291)
	at com.sun.javafx.application.PlatformImpl$$Lambda$54/1466161724.run(Unknown Source)
	at com.sun.glass.ui.monocle.RunnableProcessor.runLoop(RunnableProcessor.java:77)
	at com.sun.glass.ui.monocle.RunnableProcessor.run(RunnableProcessor.java:47)
	at java.lang.Thread.run(Thread.java:745)
Exception in thread "JavaFX Application Thread" java.lang.NullPointerException: Children: child node is null: parent = StackPane@339fd88c
	at javafx.scene.Parent$2.onProposedChange(Parent.java:431)
	at com.sun.javafx.collections.VetoableListDecorator.add(VetoableListDecorator.java:206)
	at minesim.ContextAreaHandler$1.run(ContextAreaHandler.java:127)
	at com.sun.javafx.application.PlatformImpl.lambda$null$164(PlatformImpl.java:292)
	at com.sun.javafx.application.PlatformImpl$$Lambda$56/704031901.run(Unknown Source)
	at java.security.AccessController.doPrivileged(Native Method)
	at com.sun.javafx.application.PlatformImpl.lambda$runLater$165(PlatformImpl.java:291)
	at com.sun.javafx.application.PlatformImpl$$Lambda$54/1466161724.run(Unknown Source)
	at com.sun.glass.ui.monocle.RunnableProcessor.runLoop(RunnableProcessor.java:77)
	at com.sun.glass.ui.monocle.RunnableProcessor.run(RunnableProcessor.java:47)
	at java.lang.Thread.run(Thread.java:745)
Exception in thread "JavaFX Application Thread" java.lang.NullPointerException: Children: child node is null: parent = StackPane@339fd88c
	at javafx.scene.Parent$2.onProposedChange(Parent.java:431)
	at com.sun.javafx.collections.VetoableListDecorator.add(VetoableListDecorator.java:206)
	at minesim.ContextAreaHandler$1.run(ContextAreaHandler.java:127)
	at com.sun.javafx.application.PlatformImpl.lambda$null$164(PlatformImpl.java:292)
	at com.sun.javafx.application.PlatformImpl$$Lambda$56/704031901.run(Unknown Source)
	at java.security.AccessController.doPrivileged(Native Method)
	at com.sun.javafx.application.PlatformImpl.lambda$runLater$165(PlatformImpl.java:291)
	at com.sun.javafx.application.PlatformImpl$$Lambda$54/1466161724.run(Unknown Source)
	at com.sun.glass.ui.monocle.RunnableProcessor.runLoop(RunnableProcessor.java:77)
	at com.sun.glass.ui.monocle.RunnableProcessor.run(RunnableProcessor.java:47)
	at java.lang.Thread.run(Thread.java:745)
Exception in thread "JavaFX Application Thread" java.lang.NullPointerException: Children: child node is null: parent = StackPane@339fd88c
	at javafx.scene.Parent$2.onProposedChange(Parent.java:431)
	at com.sun.javafx.collections.VetoableListDecorator.add(VetoableListDecorator.java:206)
	at minesim.ContextAreaHandler$1.run(ContextAreaHandler.java:127)
	at com.sun.javafx.application.PlatformImpl.lambda$null$164(PlatformImpl.java:292)
	at com.sun.javafx.application.PlatformImpl$$Lambda$56/704031901.run(Unknown Source)
	at java.security.AccessController.doPrivileged(Native Method)
	at com.sun.javafx.application.PlatformImpl.lambda$runLater$165(PlatformImpl.java:291)
	at com.sun.javafx.application.PlatformImpl$$Lambda$54/1466161724.run(Unknown Source)
	at com.sun.glass.ui.monocle.RunnableProcessor.runLoop(RunnableProcessor.java:77)
	at com.sun.glass.ui.monocle.RunnableProcessor.run(RunnableProcessor.java:47)
	at java.lang.Thread.run(Thread.java:745)
Exception in thread "JavaFX Application Thread" java.lang.NullPointerException: Children: child node is null: parent = StackPane@339fd88c
	at javafx.scene.Parent$2.onProposedChange(Parent.java:431)
	at com.sun.javafx.collections.VetoableListDecorator.add(VetoableListDecorator.java:206)
	at minesim.ContextAreaHandler$1.run(ContextAreaHandler.java:127)
	at com.sun.javafx.application.PlatformImpl.lambda$null$164(PlatformImpl.java:292)
	at com.sun.javafx.application.PlatformImpl$$Lambda$56/704031901.run(Unknown Source)
	at java.security.AccessController.doPrivileged(Native Method)
	at com.sun.javafx.application.PlatformImpl.lambda$runLater$165(PlatformImpl.java:291)
	at com.sun.javafx.application.PlatformImpl$$Lambda$54/1466161724.run(Unknown Source)
	at com.sun.glass.ui.monocle.RunnableProcessor.runLoop(RunnableProcessor.java:77)
	at com.sun.glass.ui.monocle.RunnableProcessor.run(RunnableProcessor.java:47)
	at java.lang.Thread.run(Thread.java:745)
Exception in thread "JavaFX Application Thread" java.lang.NullPointerException: Children: child node is null: parent = StackPane@339fd88c
	at javafx.scene.Parent$2.onProposedChange(Parent.java:431)
	at com.sun.javafx.collections.VetoableListDecorator.add(VetoableListDecorator.java:206)
	at minesim.ContextAreaHandler$1.run(ContextAreaHandler.java:127)
	at com.sun.javafx.application.PlatformImpl.lambda$null$164(PlatformImpl.java:292)
	at com.sun.javafx.application.PlatformImpl$$Lambda$56/704031901.run(Unknown Source)
	at java.security.AccessController.doPrivileged(Native Method)
	at com.sun.javafx.application.PlatformImpl.lambda$runLater$165(PlatformImpl.java:291)
	at com.sun.javafx.application.PlatformImpl$$Lambda$54/1466161724.run(Unknown Source)
	at com.sun.glass.ui.monocle.RunnableProcessor.runLoop(RunnableProcessor.java:77)
	at com.sun.glass.ui.monocle.RunnableProcessor.run(RunnableProcessor.java:47)
	at java.lang.Thread.run(Thread.java:745)
Exception in thread "JavaFX Application Thread" java.lang.NullPointerException: Children: child node is null: parent = StackPane@339fd88c
	at javafx.scene.Parent$2.onProposedChange(Parent.java:431)
	at com.sun.javafx.collections.VetoableListDecorator.add(VetoableListDecorator.java:206)
	at minesim.ContextAreaHandler$1.run(ContextAreaHandler.java:127)
	at com.sun.javafx.application.PlatformImpl.lambda$null$164(PlatformImpl.java:292)
	at com.sun.javafx.application.PlatformImpl$$Lambda$56/704031901.run(Unknown Source)
	at java.security.AccessController.doPrivileged(Native Method)
	at com.sun.javafx.application.PlatformImpl.lambda$runLater$165(PlatformImpl.java:291)
	at com.sun.javafx.application.PlatformImpl$$Lambda$54/1466161724.run(Unknown Source)
	at com.sun.glass.ui.monocle.RunnableProcessor.runLoop(RunnableProcessor.java:77)
	at com.sun.glass.ui.monocle.RunnableProcessor.run(RunnableProcessor.java:47)
	at java.lang.Thread.run(Thread.java:745)
Exception in thread "JavaFX Application Thread" java.lang.NullPointerException: Children: child node is null: parent = StackPane@339fd88c
	at javafx.scene.Parent$2.onProposedChange(Parent.java:431)
	at com.sun.javafx.collections.VetoableListDecorator.add(VetoableListDecorator.java:206)
	at minesim.ContextAreaHandler$1.run(ContextAreaHandler.java:127)
	at com.sun.javafx.application.PlatformImpl.lambda$null$164(PlatformImpl.java:292)
	at com.sun.javafx.application.PlatformImpl$$Lambda$56/704031901.run(Unknown Source)
	at java.security.AccessController.doPrivileged(Native Method)
	at com.sun.javafx.application.PlatformImpl.lambda$runLater$165(PlatformImpl.java:291)
	at com.sun.javafx.application.PlatformImpl$$Lambda$54/1466161724.run(Unknown Source)
	at com.sun.glass.ui.monocle.RunnableProcessor.runLoop(RunnableProcessor.java:77)
	at com.sun.glass.ui.monocle.RunnableProcessor.run(RunnableProcessor.java:47)
	at java.lang.Thread.run(Thread.java:745)
Exception in thread "JavaFX Application Thread" java.lang.NullPointerException: Children: child node is null: parent = StackPane@339fd88c
	at javafx.scene.Parent$2.onProposedChange(Parent.java:431)
	at com.sun.javafx.collections.VetoableListDecorator.add(VetoableListDecorator.java:206)
	at minesim.ContextAreaHandler$1.run(ContextAreaHandler.java:127)
	at com.sun.javafx.application.PlatformImpl.lambda$null$164(PlatformImpl.java:292)
	at com.sun.javafx.application.PlatformImpl$$Lambda$56/704031901.run(Unknown Source)
	at java.security.AccessController.doPrivileged(Native Method)
	at com.sun.javafx.application.PlatformImpl.lambda$runLater$165(PlatformImpl.java:291)
	at com.sun.javafx.application.PlatformImpl$$Lambda$54/1466161724.run(Unknown Source)
	at com.sun.glass.ui.monocle.RunnableProcessor.runLoop(RunnableProcessor.java:77)
	at com.sun.glass.ui.monocle.RunnableProcessor.run(RunnableProcessor.java:47)
	at java.lang.Thread.run(Thread.java:745)
Exception in thread "JavaFX Application Thread" java.lang.NullPointerException: Children: child node is null: parent = StackPane@339fd88c
	at javafx.scene.Parent$2.onProposedChange(Parent.java:431)
	at com.sun.javafx.collections.VetoableListDecorator.add(VetoableListDecorator.java:206)
	at minesim.ContextAreaHandler$1.run(ContextAreaHandler.java:127)
	at com.sun.javafx.application.PlatformImpl.lambda$null$164(PlatformImpl.java:292)
	at com.sun.javafx.application.PlatformImpl$$Lambda$56/704031901.run(Unknown Source)
	at java.security.AccessController.doPrivileged(Native Method)
	at com.sun.javafx.application.PlatformImpl.lambda$runLater$165(PlatformImpl.java:291)
	at com.sun.javafx.application.PlatformImpl$$Lambda$54/1466161724.run(Unknown Source)
	at com.sun.glass.ui.monocle.RunnableProcessor.runLoop(RunnableProcessor.java:77)
	at com.sun.glass.ui.monocle.RunnableProcessor.run(RunnableProcessor.java:47)
	at java.lang.Thread.run(Thread.java:745)
Exception in thread "JavaFX Application Thread" java.lang.NullPointerException: Children: child node is null: parent = StackPane@339fd88c
	at javafx.scene.Parent$2.onProposedChange(Parent.java:431)
	at com.sun.javafx.collections.VetoableListDecorator.add(VetoableListDecorator.java:206)
	at minesim.ContextAreaHandler$1.run(ContextAreaHandler.java:127)
	at com.sun.javafx.application.PlatformImpl.lambda$null$164(PlatformImpl.java:292)
	at com.sun.javafx.application.PlatformImpl$$Lambda$56/704031901.run(Unknown Source)
	at java.security.AccessController.doPrivileged(Native Method)
	at com.sun.javafx.application.PlatformImpl.lambda$runLater$165(PlatformImpl.java:291)
	at com.sun.javafx.application.PlatformImpl$$Lambda$54/1466161724.run(Unknown Source)
	at com.sun.glass.ui.monocle.RunnableProcessor.runLoop(RunnableProcessor.java:77)
	at com.sun.glass.ui.monocle.RunnableProcessor.run(RunnableProcessor.java:47)
	at java.lang.Thread.run(Thread.java:745)
Exception in thread "JavaFX Application Thread" java.lang.NullPointerException: Children: child node is null: parent = StackPane@339fd88c
	at javafx.scene.Parent$2.onProposedChange(Parent.java:431)
	at com.sun.javafx.collections.VetoableListDecorator.add(VetoableListDecorator.java:206)
	at minesim.ContextAreaHandler$1.run(ContextAreaHandler.java:127)
	at com.sun.javafx.application.PlatformImpl.lambda$null$164(PlatformImpl.java:292)
	at com.sun.javafx.application.PlatformImpl$$Lambda$56/704031901.run(Unknown Source)
	at java.security.AccessController.doPrivileged(Native Method)
	at com.sun.javafx.application.PlatformImpl.lambda$runLater$165(PlatformImpl.java:291)
	at com.sun.javafx.application.PlatformImpl$$Lambda$54/1466161724.run(Unknown Source)
	at com.sun.glass.ui.monocle.RunnableProcessor.runLoop(RunnableProcessor.java:77)
	at com.sun.glass.ui.monocle.RunnableProcessor.run(RunnableProcessor.java:47)
	at java.lang.Thread.run(Thread.java:745)
Exception in thread "JavaFX Application Thread" java.lang.NullPointerException: Children: child node is null: parent = StackPane@339fd88c
	at javafx.scene.Parent$2.onProposedChange(Parent.java:431)
	at com.sun.javafx.collections.VetoableListDecorator.add(VetoableListDecorator.java:206)
	at minesim.ContextAreaHandler$1.run(ContextAreaHandler.java:127)
	at com.sun.javafx.application.PlatformImpl.lambda$null$164(PlatformImpl.java:292)
	at com.sun.javafx.application.PlatformImpl$$Lambda$56/704031901.run(Unknown Source)
	at java.security.AccessController.doPrivileged(Native Method)
	at com.sun.javafx.application.PlatformImpl.lambda$runLater$165(PlatformImpl.java:291)
	at com.sun.javafx.application.PlatformImpl$$Lambda$54/1466161724.run(Unknown Source)
	at com.sun.glass.ui.monocle.RunnableProcessor.runLoop(RunnableProcessor.java:77)
	at com.sun.glass.ui.monocle.RunnableProcessor.run(RunnableProcessor.java:47)
	at java.lang.Thread.run(Thread.java:745)
Exception in thread "JavaFX Application Thread" java.lang.NullPointerException: Children: child node is null: parent = StackPane@339fd88c
	at javafx.scene.Parent$2.onProposedChange(Parent.java:431)
	at com.sun.javafx.collections.VetoableListDecorator.add(VetoableListDecorator.java:206)
	at minesim.ContextAreaHandler$1.run(ContextAreaHandler.java:127)
	at com.sun.javafx.application.PlatformImpl.lambda$null$164(PlatformImpl.java:292)
	at com.sun.javafx.application.PlatformImpl$$Lambda$56/704031901.run(Unknown Source)
	at java.security.AccessController.doPrivileged(Native Method)
	at com.sun.javafx.application.PlatformImpl.lambda$runLater$165(PlatformImpl.java:291)
	at com.sun.javafx.application.PlatformImpl$$Lambda$54/1466161724.run(Unknown Source)
	at com.sun.glass.ui.monocle.RunnableProcessor.runLoop(RunnableProcessor.java:77)
	at com.sun.glass.ui.monocle.RunnableProcessor.run(RunnableProcessor.java:47)
	at java.lang.Thread.run(Thread.java:745)
Exception in thread "JavaFX Application Thread" java.lang.NullPointerException: Children: child node is null: parent = StackPane@339fd88c
	at javafx.scene.Parent$2.onProposedChange(Parent.java:431)
	at com.sun.javafx.collections.VetoableListDecorator.add(VetoableListDecorator.java:206)
	at minesim.ContextAreaHandler$1.run(ContextAreaHandler.java:127)
	at com.sun.javafx.application.PlatformImpl.lambda$null$164(PlatformImpl.java:292)
	at com.sun.javafx.application.PlatformImpl$$Lambda$56/704031901.run(Unknown Source)
	at java.security.AccessController.doPrivileged(Native Method)
	at com.sun.javafx.application.PlatformImpl.lambda$runLater$165(PlatformImpl.java:291)
	at com.sun.javafx.application.PlatformImpl$$Lambda$54/1466161724.run(Unknown Source)
	at com.sun.glass.ui.monocle.RunnableProcessor.runLoop(RunnableProcessor.java:77)
	at com.sun.glass.ui.monocle.RunnableProcessor.run(RunnableProcessor.java:47)
	at java.lang.Thread.run(Thread.java:745)
Exception in thread "JavaFX Application Thread" java.lang.NullPointerException: Children: child node is null: parent = StackPane@339fd88c
	at javafx.scene.Parent$2.onProposedChange(Parent.java:431)
	at com.sun.javafx.collections.VetoableListDecorator.add(VetoableListDecorator.java:206)
	at minesim.ContextAreaHandler$1.run(ContextAreaHandler.java:127)
	at com.sun.javafx.application.PlatformImpl.lambda$null$164(PlatformImpl.java:292)
	at com.sun.javafx.application.PlatformImpl$$Lambda$56/704031901.run(Unknown Source)
	at java.security.AccessController.doPrivileged(Native Method)
	at com.sun.javafx.application.PlatformImpl.lambda$runLater$165(PlatformImpl.java:291)
	at com.sun.javafx.application.PlatformImpl$$Lambda$54/1466161724.run(Unknown Source)
	at com.sun.glass.ui.monocle.RunnableProcessor.runLoop(RunnableProcessor.java:77)
	at com.sun.glass.ui.monocle.RunnableProcessor.run(RunnableProcessor.java:47)
	at java.lang.Thread.run(Thread.java:745)
Exception in thread "JavaFX Application Thread" java.lang.NullPointerException: Children: child node is null: parent = StackPane@339fd88c
	at javafx.scene.Parent$2.onProposedChange(Parent.java:431)
	at com.sun.javafx.collections.VetoableListDecorator.add(VetoableListDecorator.java:206)
	at minesim.ContextAreaHandler$1.run(ContextAreaHandler.java:127)
	at com.sun.javafx.application.PlatformImpl.lambda$null$164(PlatformImpl.java:292)
	at com.sun.javafx.application.PlatformImpl$$Lambda$56/704031901.run(Unknown Source)
	at java.security.AccessController.doPrivileged(Native Method)
	at com.sun.javafx.application.PlatformImpl.lambda$runLater$165(PlatformImpl.java:291)
	at com.sun.javafx.application.PlatformImpl$$Lambda$54/1466161724.run(Unknown Source)
	at com.sun.glass.ui.monocle.RunnableProcessor.runLoop(RunnableProcessor.java:77)
	at com.sun.glass.ui.monocle.RunnableProcessor.run(RunnableProcessor.java:47)
	at java.lang.Thread.run(Thread.java:745)
Exception in thread "JavaFX Application Thread" java.lang.NullPointerException: Children: child node is null: parent = StackPane@339fd88c
	at javafx.scene.Parent$2.onProposedChange(Parent.java:431)
	at com.sun.javafx.collections.VetoableListDecorator.add(VetoableListDecorator.java:206)
	at minesim.ContextAreaHandler$1.run(ContextAreaHandler.java:127)
	at com.sun.javafx.application.PlatformImpl.lambda$null$164(PlatformImpl.java:292)
	at com.sun.javafx.application.PlatformImpl$$Lambda$56/704031901.run(Unknown Source)
	at java.security.AccessController.doPrivileged(Native Method)
	at com.sun.javafx.application.PlatformImpl.lambda$runLater$165(PlatformImpl.java:291)
	at com.sun.javafx.application.PlatformImpl$$Lambda$54/1466161724.run(Unknown Source)
	at com.sun.glass.ui.monocle.RunnableProcessor.runLoop(RunnableProcessor.java:77)
	at com.sun.glass.ui.monocle.RunnableProcessor.run(RunnableProcessor.java:47)
	at java.lang.Thread.run(Thread.java:745)
Exception in thread "JavaFX Application Thread" java.lang.NullPointerException: Children: child node is null: parent = StackPane@339fd88c
	at javafx.scene.Parent$2.onProposedChange(Parent.java:431)
	at com.sun.javafx.collections.VetoableListDecorator.add(VetoableListDecorator.java:206)
	at minesim.ContextAreaHandler$1.run(ContextAreaHandler.java:127)
	at com.sun.javafx.application.PlatformImpl.lambda$null$164(PlatformImpl.java:292)
	at com.sun.javafx.application.PlatformImpl$$Lambda$56/704031901.run(Unknown Source)
	at java.security.AccessController.doPrivileged(Native Method)
	at com.sun.javafx.application.PlatformImpl.lambda$runLater$165(PlatformImpl.java:291)
	at com.sun.javafx.application.PlatformImpl$$Lambda$54/1466161724.run(Unknown Source)
	at com.sun.glass.ui.monocle.RunnableProcessor.runLoop(RunnableProcessor.java:77)
	at com.sun.glass.ui.monocle.RunnableProcessor.run(RunnableProcessor.java:47)
	at java.lang.Thread.run(Thread.java:745)
Exception in thread "JavaFX Application Thread" java.lang.NullPointerException: Children: child node is null: parent = StackPane@339fd88c
	at javafx.scene.Parent$2.onProposedChange(Parent.java:431)
	at com.sun.javafx.collections.VetoableListDecorator.add(VetoableListDecorator.java:206)
	at minesim.ContextAreaHandler$1.run(ContextAreaHandler.java:127)
	at com.sun.javafx.application.PlatformImpl.lambda$null$164(PlatformImpl.java:292)
	at com.sun.javafx.application.PlatformImpl$$Lambda$56/704031901.run(Unknown Source)
	at java.security.AccessController.doPrivileged(Native Method)
	at com.sun.javafx.application.PlatformImpl.lambda$runLater$165(PlatformImpl.java:291)
	at com.sun.javafx.application.PlatformImpl$$Lambda$54/1466161724.run(Unknown Source)
	at com.sun.glass.ui.monocle.RunnableProcessor.runLoop(RunnableProcessor.java:77)
	at com.sun.glass.ui.monocle.RunnableProcessor.run(RunnableProcessor.java:47)
	at java.lang.Thread.run(Thread.java:745)
Exception in thread "JavaFX Application Thread" java.lang.NullPointerException: Children: child node is null: parent = StackPane@339fd88c
	at javafx.scene.Parent$2.onProposedChange(Parent.java:431)
	at com.sun.javafx.collections.VetoableListDecorator.add(VetoableListDecorator.java:206)
	at minesim.ContextAreaHandler$1.run(ContextAreaHandler.java:127)
	at com.sun.javafx.application.PlatformImpl.lambda$null$164(PlatformImpl.java:292)
	at com.sun.javafx.application.PlatformImpl$$Lambda$56/704031901.run(Unknown Source)
	at java.security.AccessController.doPrivileged(Native Method)
	at com.sun.javafx.application.PlatformImpl.lambda$runLater$165(PlatformImpl.java:291)
	at com.sun.javafx.application.PlatformImpl$$Lambda$54/1466161724.run(Unknown Source)
	at com.sun.glass.ui.monocle.RunnableProcessor.runLoop(RunnableProcessor.java:77)
	at com.sun.glass.ui.monocle.RunnableProcessor.run(RunnableProcessor.java:47)
	at java.lang.Thread.run(Thread.java:745)
Exception in thread "JavaFX Application Thread" java.lang.NullPointerException: Children: child node is null: parent = StackPane@339fd88c
	at javafx.scene.Parent$2.onProposedChange(Parent.java:431)
	at com.sun.javafx.collections.VetoableListDecorator.add(VetoableListDecorator.java:206)
	at minesim.ContextAreaHandler$1.run(ContextAreaHandler.java:127)
	at com.sun.javafx.application.PlatformImpl.lambda$null$164(PlatformImpl.java:292)
	at com.sun.javafx.application.PlatformImpl$$Lambda$56/704031901.run(Unknown Source)
	at java.security.AccessController.doPrivileged(Native Method)
	at com.sun.javafx.application.PlatformImpl.lambda$runLater$165(PlatformImpl.java:291)
	at com.sun.javafx.application.PlatformImpl$$Lambda$54/1466161724.run(Unknown Source)
	at com.sun.glass.ui.monocle.RunnableProcessor.runLoop(RunnableProcessor.java:77)
	at com.sun.glass.ui.monocle.RunnableProcessor.run(RunnableProcessor.java:47)
	at java.lang.Thread.run(Thread.java:745)
Exception in thread "JavaFX Application Thread" java.lang.NullPointerException: Children: child node is null: parent = StackPane@339fd88c
	at javafx.scene.Parent$2.onProposedChange(Parent.java:431)
	at com.sun.javafx.collections.VetoableListDecorator.add(VetoableListDecorator.java:206)
	at minesim.ContextAreaHandler$1.run(ContextAreaHandler.java:127)
	at com.sun.javafx.application.PlatformImpl.lambda$null$164(PlatformImpl.java:292)
	at com.sun.javafx.application.PlatformImpl$$Lambda$56/704031901.run(Unknown Source)
	at java.security.AccessController.doPrivileged(Native Method)
	at com.sun.javafx.application.PlatformImpl.lambda$runLater$165(PlatformImpl.java:291)
	at com.sun.javafx.application.PlatformImpl$$Lambda$54/1466161724.run(Unknown Source)
	at com.sun.glass.ui.monocle.RunnableProcessor.runLoop(RunnableProcessor.java:77)
	at com.sun.glass.ui.monocle.RunnableProcessor.run(RunnableProcessor.java:47)
	at java.lang.Thread.run(Thread.java:745)
Exception in thread "JavaFX Application Thread" java.lang.NullPointerException: Children: child node is null: parent = StackPane@339fd88c
	at javafx.scene.Parent$2.onProposedChange(Parent.java:431)
	at com.sun.javafx.collections.VetoableListDecorator.add(VetoableListDecorator.java:206)
	at minesim.ContextAreaHandler$1.run(ContextAreaHandler.java:127)
	at com.sun.javafx.application.PlatformImpl.lambda$null$164(PlatformImpl.java:292)
	at com.sun.javafx.application.PlatformImpl$$Lambda$56/704031901.run(Unknown Source)
	at java.security.AccessController.doPrivileged(Native Method)
	at com.sun.javafx.application.PlatformImpl.lambda$runLater$165(PlatformImpl.java:291)
	at com.sun.javafx.application.PlatformImpl$$Lambda$54/1466161724.run(Unknown Source)
	at com.sun.glass.ui.monocle.RunnableProcessor.runLoop(RunnableProcessor.java:77)
	at com.sun.glass.ui.monocle.RunnableProcessor.run(RunnableProcessor.java:47)
	at java.lang.Thread.run(Thread.java:745)
Exception in thread "JavaFX Application Thread" java.lang.NullPointerException: Children: child node is null: parent = StackPane@339fd88c
	at javafx.scene.Parent$2.onProposedChange(Parent.java:431)
	at com.sun.javafx.collections.VetoableListDecorator.add(VetoableListDecorator.java:206)
	at minesim.ContextAreaHandler$1.run(ContextAreaHandler.java:127)
	at com.sun.javafx.application.PlatformImpl.lambda$null$164(PlatformImpl.java:292)
	at com.sun.javafx.application.PlatformImpl$$Lambda$56/704031901.run(Unknown Source)
	at java.security.AccessController.doPrivileged(Native Method)
	at com.sun.javafx.application.PlatformImpl.lambda$runLater$165(PlatformImpl.java:291)
	at com.sun.javafx.application.PlatformImpl$$Lambda$54/1466161724.run(Unknown Source)
	at com.sun.glass.ui.monocle.RunnableProcessor.runLoop(RunnableProcessor.java:77)
	at com.sun.glass.ui.monocle.RunnableProcessor.run(RunnableProcessor.java:47)
	at java.lang.Thread.run(Thread.java:745)
]]></system-err>
</testsuite>
