<?xml version="1.0" encoding="UTF-8"?>
<testsuite name="minesim.menu.eSubMenuTests" tests="1" skipped="0" failures="0" errors="0" timestamp="2015-11-22T10:06:13" hostname="Tims-Retina-MacBook-Pro.local" time="0.13">
  <properties/>
  <testcase name="initTest" classname="minesim.menu.eSubMenuTests" time="0.13"/>
  <system-out><![CDATA[]]></system-out>
  <system-err><![CDATA[]]></system-err>
</testsuite>
