<?xml version="1.0" encoding="UTF-8"?>
<testsuite name="minesim.menu.eMenuHandlerTests" tests="4" skipped="0" failures="0" errors="0" timestamp="2015-11-22T10:06:13" hostname="Tims-Retina-MacBook-Pro.local" time="0.015">
  <properties/>
  <testcase name="backingTest" classname="minesim.menu.eMenuHandlerTests" time="0.006"/>
  <testcase name="registerMenuTest" classname="minesim.menu.eMenuHandlerTests" time="0.005"/>
  <testcase name="hideShowTest" classname="minesim.menu.eMenuHandlerTests" time="0.001"/>
  <testcase name="initTest" classname="minesim.menu.eMenuHandlerTests" time="0.001"/>
  <system-out><![CDATA[minesim.menu.eMenuHandler Refreshing the escape menu to ensure it's up to date
]]></system-out>
  <system-err><![CDATA[]]></system-err>
</testsuite>
