<?xml version="1.0" encoding="UTF-8"?>
<testsuite name="minesim.tile.ChunkTests" tests="7" skipped="0" failures="0" errors="0" timestamp="2015-11-23T02:47:33" hostname="James-PC" time="0.001">
  <properties/>
  <testcase name="testSetLightLevels" classname="minesim.tile.ChunkTests" time="0.0"/>
  <testcase name="testChunkToBytes" classname="minesim.tile.ChunkTests" time="0.0"/>
  <testcase name="testChunkHashCode" classname="minesim.tile.ChunkTests" time="0.001"/>
  <testcase name="testChunkEquality" classname="minesim.tile.ChunkTests" time="0.0"/>
  <testcase name="testGetAndSetTileAtLocation" classname="minesim.tile.ChunkTests" time="0.0"/>
  <testcase name="testNewChunkLightLevels" classname="minesim.tile.ChunkTests" time="0.0"/>
  <testcase name="testChunkConstructor" classname="minesim.tile.ChunkTests" time="0.0"/>
  <system-out><![CDATA[]]></system-out>
  <system-err><![CDATA[]]></system-err>
</testsuite>
