<?xml version="1.0" encoding="UTF-8"?>
<testsuite name="minesim.MusicTests" tests="20" skipped="2" failures="0" errors="0" timestamp="2015-11-23T02:47:17" hostname="James-PC" time="11.509">
  <properties/>
  <testcase name="testMediaPlayerGetSet" classname="minesim.MusicTests" time="0.266"/>
  <testcase name="testSetMuteInPlay" classname="minesim.MusicTests" time="0.054"/>
  <testcase name="testTickMusicLoop" classname="minesim.MusicTests" time="0.001"/>
  <testcase name="testDayPassedGetSet" classname="minesim.MusicTests" time="0.005"/>
  <testcase name="testNightPassedGetSet" classname="minesim.MusicTests" time="0.002"/>
  <testcase name="testPlayNightMusic" classname="minesim.MusicTests" time="0.066"/>
  <testcase name="testMediaListGetSet" classname="minesim.MusicTests" time="0.002"/>
  <testcase name="testTrackIndexGetSet" classname="minesim.MusicTests" time="0.004"/>
  <testcase name="testSetVolumeInPlay" classname="minesim.MusicTests" time="0.011"/>
  <testcase name="fadeInTest" classname="minesim.MusicTests" time="5.51"/>
  <testcase name="testChangeMusic" classname="minesim.MusicTests" time="0.0">
    <skipped/>
  </testcase>
  <testcase name="testMuteGetSet" classname="minesim.MusicTests" time="0.002"/>
  <testcase name="testLoopGetSet" classname="minesim.MusicTests" time="0.01"/>
  <testcase name="testGetInstance" classname="minesim.MusicTests" time="0.0">
    <skipped/>
  </testcase>
  <testcase name="testingStop" classname="minesim.MusicTests" time="0.021"/>
  <testcase name="playTest" classname="minesim.MusicTests" time="0.004"/>
  <testcase name="fadeOutTest" classname="minesim.MusicTests" time="5.509"/>
  <testcase name="testPlayDayMusic" classname="minesim.MusicTests" time="0.006"/>
  <testcase name="testMusicMute" classname="minesim.MusicTests" time="0.005"/>
  <testcase name="testDayGetSet" classname="minesim.MusicTests" time="0.002"/>
  <system-out><![CDATA[]]></system-out>
  <system-err><![CDATA[]]></system-err>
</testsuite>
