<?xml version="1.0" encoding="UTF-8"?>
<testsuite name="minesim.ItemMinedEntityTests" tests="3" skipped="0" failures="0" errors="0" timestamp="2015-11-23T02:47:14" hostname="James-PC" time="0.001">
  <properties/>
  <testcase name="testMinedEntityConstructor" classname="minesim.ItemMinedEntityTests" time="0.0"/>
  <testcase name="testImageFileExists" classname="minesim.ItemMinedEntityTests" time="0.001"/>
  <testcase name="testDurabilityMethod" classname="minesim.ItemMinedEntityTests" time="0.0"/>
  <system-out><![CDATA[]]></system-out>
  <system-err><![CDATA[]]></system-err>
</testsuite>
