<?xml version="1.0" encoding="UTF-8"?>
<testsuite name="minesim.ItemApparelTests" tests="1" skipped="0" failures="0" errors="0" timestamp="2015-11-22T10:05:52" hostname="Tims-Retina-MacBook-Pro.local" time="0.0">
  <properties/>
  <testcase name="testApparelConstructor" classname="minesim.ItemApparelTests" time="0.0"/>
  <system-out><![CDATA[]]></system-out>
  <system-err><![CDATA[]]></system-err>
</testsuite>
