<?xml version="1.0" encoding="UTF-8"?>
<testsuite name="minesim.menu.eMenuHandlerTests" tests="4" skipped="0" failures="0" errors="0" timestamp="2015-11-23T02:47:33" hostname="James-PC" time="0.011">
  <properties/>
  <testcase name="backingTest" classname="minesim.menu.eMenuHandlerTests" time="0.005"/>
  <testcase name="registerMenuTest" classname="minesim.menu.eMenuHandlerTests" time="0.003"/>
  <testcase name="hideShowTest" classname="minesim.menu.eMenuHandlerTests" time="0.002"/>
  <testcase name="initTest" classname="minesim.menu.eMenuHandlerTests" time="0.001"/>
  <system-out><![CDATA[minesim.menu.eMenuHandler Refreshing the escape menu to ensure it's up to date
]]></system-out>
  <system-err><![CDATA[]]></system-err>
</testsuite>
