<?xml version="1.0" encoding="UTF-8"?>
<testsuite name="minesim.MobTests" tests="5" skipped="0" failures="0" errors="0" timestamp="2015-11-23T02:47:15" hostname="James-PC" time="0.202">
  <properties/>
  <testcase name="testMobInitial" classname="minesim.MobTests" time="0.0"/>
  <testcase name="testMobInteractions" classname="minesim.MobTests" time="0.077"/>
  <testcase name="testMobHealthVars" classname="minesim.MobTests" time="0.0"/>
  <testcase name="testMobAnimate" classname="minesim.MobTests" time="0.0"/>
  <testcase name="testMobOnTickAI" classname="minesim.MobTests" time="0.075"/>
  <system-out><![CDATA[minesim.AchievementDatabaseHandler Connected database successfully
minesim.AchievementDatabaseHandler zombieKilled is now 1
]]></system-out>
  <system-err><![CDATA[]]></system-err>
</testsuite>
