<?xml version="1.0" encoding="UTF-8"?>
<testsuite name="minesim.tile.BasicGeneratorTests" tests="1" skipped="0" failures="0" errors="0" timestamp="2015-11-23T02:47:33" hostname="James-PC" time="0.001">
  <properties/>
  <testcase name="testBasicGenerator" classname="minesim.tile.BasicGeneratorTests" time="0.001"/>
  <system-out><![CDATA[]]></system-out>
  <system-err><![CDATA[]]></system-err>
</testsuite>
