<?xml version="1.0" encoding="UTF-8"?>
<testsuite name="minesim.SettingsHandlerTests" tests="5" skipped="0" failures="0" errors="0" timestamp="2015-11-21T05:21:45" hostname="Tims-Retina-MacBook-Pro.local" time="0.007">
  <properties/>
  <testcase name="testGet" classname="minesim.SettingsHandlerTests" time="0.002"/>
  <testcase name="testValid" classname="minesim.SettingsHandlerTests" time="0.001"/>
  <testcase name="testLoad" classname="minesim.SettingsHandlerTests" time="0.001"/>
  <testcase name="testBadFilePath" classname="minesim.SettingsHandlerTests" time="0.0"/>
  <testcase name="testInvalid" classname="minesim.SettingsHandlerTests" time="0.001"/>
  <system-out><![CDATA[]]></system-out>
  <system-err><![CDATA[]]></system-err>
</testsuite>
