<?xml version="1.0" encoding="UTF-8"?>
<testsuite name="minesim.TransportationTest" tests="7" skipped="0" failures="0" errors="0" timestamp="2015-11-22T10:06:10" hostname="Tims-Retina-MacBook-Pro.local" time="0.049">
  <properties/>
  <testcase name="testSetGetName" classname="minesim.TransportationTest" time="0.001"/>
  <testcase name="testBuildTransportEntity" classname="minesim.TransportationTest" time="0.012"/>
  <testcase name="testClearTilePath" classname="minesim.TransportationTest" time="0.004"/>
  <testcase name="testClimbTransportation" classname="minesim.TransportationTest" time="0.002"/>
  <testcase name="testInitialisedValues" classname="minesim.TransportationTest" time="0.001"/>
  <testcase name="testSetGetAddSpeed" classname="minesim.TransportationTest" time="0.001"/>
  <testcase name="testSetStart" classname="minesim.TransportationTest" time="0.001"/>
  <system-out><![CDATA[minesim.tiles.TileGridManager Changed tile at (15, 3) from Air to Air
minesim.tiles.TileGridManager Changed tile at (0, 3) from Air to Air
minesim.tiles.TileGridManager Changed tile at (15, 4) from Air to Air
minesim.tiles.TileGridManager Changed tile at (0, 4) from Air to Air
minesim.tiles.TileGridManager Changed tile at (15, 5) from Air to Air
minesim.tiles.TileGridManager Changed tile at (0, 5) from Air to Air
minesim.tiles.TileGridManager Changed tile at (5, 3) from Air to Air
minesim.tiles.TileGridManager Changed tile at (6, 3) from Air to Air
minesim.tiles.TileGridManager Changed tile at (5, 4) from Air to Air
minesim.tiles.TileGridManager Changed tile at (6, 4) from Air to Air
minesim.tiles.TileGridManager Changed tile at (5, 5) from Air to Air
minesim.tiles.TileGridManager Changed tile at (6, 5) from Air to Air
minesim.tiles.TileGridManager Changed tile at (11, 3) from Air to Air
minesim.tiles.TileGridManager Changed tile at (12, 3) from Air to Air
minesim.tiles.TileGridManager Changed tile at (11, 4) from Air to Air
minesim.tiles.TileGridManager Changed tile at (12, 4) from Air to Air
minesim.tiles.TileGridManager Changed tile at (11, 5) from Air to Air
minesim.tiles.TileGridManager Changed tile at (12, 5) from Air to Air
minesim.tiles.TileGridManager Changed tile at (15, 6) from Air to Air
minesim.tiles.TileGridManager Changed tile at (0, 6) from Air to Air
minesim.tiles.TileGridManager Changed tile at (15, 5) from Air to Air
minesim.tiles.TileGridManager Changed tile at (0, 5) from Air to Air
minesim.tiles.TileGridManager Changed tile at (15, 4) from Air to Air
minesim.tiles.TileGridManager Changed tile at (0, 4) from Air to Air
minesim.tiles.TileGridManager Changed tile at (5, 6) from Air to Air
minesim.tiles.TileGridManager Changed tile at (6, 6) from Air to Air
minesim.tiles.TileGridManager Changed tile at (5, 5) from Air to Air
minesim.tiles.TileGridManager Changed tile at (6, 5) from Air to Air
minesim.tiles.TileGridManager Changed tile at (5, 4) from Air to Air
minesim.tiles.TileGridManager Changed tile at (6, 4) from Air to Air
minesim.tiles.TileGridManager Changed tile at (11, 6) from Air to Air
minesim.tiles.TileGridManager Changed tile at (12, 6) from Air to Air
minesim.tiles.TileGridManager Changed tile at (11, 5) from Air to Air
minesim.tiles.TileGridManager Changed tile at (12, 5) from Air to Air
minesim.tiles.TileGridManager Changed tile at (11, 4) from Air to Air
minesim.tiles.TileGridManager Changed tile at (12, 4) from Air to Air
minesim.tiles.TileGridManager Generated world of 14 x 12 chunks
minesim.tiles.TileGridManager Changed tile at (0, 0) from Grass to Air
minesim.tiles.TileGridManager Changed tile at (1, 0) from Air to Air
minesim.tiles.TileGridManager Changed tile at (2, 2) from Grass to Air
minesim.tiles.TileGridManager Changed tile at (3, 2) from Air to Air
]]></system-out>
  <system-err><![CDATA[]]></system-err>
</testsuite>
