<?xml version="1.0" encoding="UTF-8"?>
<testsuite name="minesim.ItemWeaponTests" tests="7" skipped="0" failures="0" errors="0" timestamp="2015-11-23T02:47:14" hostname="James-PC" time="0.002">
  <properties/>
  <testcase name="testEquipMethods" classname="minesim.ItemWeaponTests" time="0.0"/>
  <testcase name="testWeaponConstructor" classname="minesim.ItemWeaponTests" time="0.0"/>
  <testcase name="testGetType" classname="minesim.ItemWeaponTests" time="0.0"/>
  <testcase name="testWeaponUpgrade" classname="minesim.ItemWeaponTests" time="0.0"/>
  <testcase name="testSpeedMethods" classname="minesim.ItemWeaponTests" time="0.0"/>
  <testcase name="testImageFileExists" classname="minesim.ItemWeaponTests" time="0.0"/>
  <testcase name="testDurabilityMethods" classname="minesim.ItemWeaponTests" time="0.0"/>
  <system-out><![CDATA[]]></system-out>
  <system-err><![CDATA[]]></system-err>
</testsuite>
