<?xml version="1.0" encoding="UTF-8"?>
<testsuite name="minesim.SoundTests" tests="9" skipped="0" failures="0" errors="0" timestamp="2015-11-21T05:21:46" hostname="Tims-Retina-MacBook-Pro.local" time="0.253">
  <properties/>
  <testcase name="testSetVolumeInPlayForever" classname="minesim.SoundTests" time="0.174"/>
  <testcase name="testGetSetMute" classname="minesim.SoundTests" time="0.001"/>
  <testcase name="testSoundClipGetSet" classname="minesim.SoundTests" time="0.001"/>
  <testcase name="testPlayForever" classname="minesim.SoundTests" time="0.008"/>
  <testcase name="testGetSetVolume" classname="minesim.SoundTests" time="0.001"/>
  <testcase name="playTest" classname="minesim.SoundTests" time="0.002"/>
  <testcase name="testSetVolumeInPlay" classname="minesim.SoundTests" time="0.004"/>
  <testcase name="testingStop" classname="minesim.SoundTests" time="0.051"/>
  <testcase name="stopTest" classname="minesim.SoundTests" time="0.002"/>
  <system-out><![CDATA[]]></system-out>
  <system-err><![CDATA[]]></system-err>
</testsuite>
