<?xml version="1.0" encoding="UTF-8"?>
<testsuite name="notifications.NotificationViewTests" tests="1" skipped="0" failures="0" errors="0" timestamp="2015-11-22T10:06:18" hostname="Tims-Retina-MacBook-Pro.local" time="0.011">
  <properties/>
  <testcase name="updateTest" classname="notifications.NotificationViewTests" time="0.011"/>
  <system-out><![CDATA[]]></system-out>
  <system-err><![CDATA[]]></system-err>
</testsuite>
