<?xml version="1.0" encoding="UTF-8"?>
<testsuite name="minesim.inputhandlers.KeyboardHandlerTest" tests="3" skipped="0" failures="0" errors="0" timestamp="2015-11-21T05:21:48" hostname="Tims-Retina-MacBook-Pro.local" time="0.024">
  <properties/>
  <testcase name="testKeys" classname="minesim.inputhandlers.KeyboardHandlerTest" time="0.024"/>
  <testcase name="testConstructor" classname="minesim.inputhandlers.KeyboardHandlerTest" time="0.0"/>
  <testcase name="testSetWorld" classname="minesim.inputhandlers.KeyboardHandlerTest" time="0.0"/>
  <system-out><![CDATA[]]></system-out>
  <system-err><![CDATA[]]></system-err>
</testsuite>
