<?xml version="1.0" encoding="UTF-8"?>
<testsuite name="minesim.AutoTaskTests" tests="1" skipped="0" failures="0" errors="0" timestamp="2015-11-23T02:47:07" hostname="James-PC" time="0.913">
  <properties/>
  <testcase name="testAddRemoveTasks" classname="minesim.AutoTaskTests" time="0.913"/>
  <system-out><![CDATA[Prism pipeline init order: sw 
Using native-based Pisces rasterizer
Using dirty region optimizations
Not using texture mask for primitives
Not forcing power of 2 sizes for textures
Using hardware CLAMP_TO_ZERO mode
Opting in for HiDPI pixel scaling
Prism pipeline name = com.sun.prism.sw.SWPipeline
(X) Got class = class com.sun.prism.sw.SWPipeline
Initialized prism pipeline: com.sun.prism.sw.SWPipeline
minesim.tiles.TileGridManager Generated world of 14 x 12 chunks
]]></system-out>
  <system-err><![CDATA[*** Fallback to Prism SW pipeline
]]></system-err>
</testsuite>
