<?xml version="1.0" encoding="UTF-8"?>
<testsuite name="minesim.ContextAreaHandlerTests" tests="7" skipped="0" failures="0" errors="0" timestamp="2015-11-22T10:05:49" hostname="Tims-Retina-MacBook-Pro.local" time="0.556">
  <properties/>
  <testcase name="testDefaultContextDisplay" classname="minesim.ContextAreaHandlerTests" time="0.46"/>
  <testcase name="testSetContext" classname="minesim.ContextAreaHandlerTests" time="0.007"/>
  <testcase name="testAddContextFXML" classname="minesim.ContextAreaHandlerTests" time="0.052"/>
  <testcase name="testClearRemoveContext" classname="minesim.ContextAreaHandlerTests" time="0.013"/>
  <testcase name="testDefaultClass" classname="minesim.ContextAreaHandlerTests" time="0.006"/>
  <testcase name="testResetInstance" classname="minesim.ContextAreaHandlerTests" time="0.004"/>
  <testcase name="testAddContext" classname="minesim.ContextAreaHandlerTests" time="0.004"/>
  <system-out><![CDATA[minesim.ContextAreaHandler Couldn't load context fxml file: lolololol
java.lang.NullPointerException: Location is required.
	at javafx.fxml.FXMLLoader.loadImpl(FXMLLoader.java:3201)
	at javafx.fxml.FXMLLoader.loadImpl(FXMLLoader.java:3169)
	at javafx.fxml.FXMLLoader.loadImpl(FXMLLoader.java:3142)
	at javafx.fxml.FXMLLoader.loadImpl(FXMLLoader.java:3118)
	at javafx.fxml.FXMLLoader.loadImpl(FXMLLoader.java:3098)
	at javafx.fxml.FXMLLoader.load(FXMLLoader.java:3091)
	at minesim.ContextAreaHandler.addContext(ContextAreaHandler.java:107)
	at minesim.ContextAreaHandlerTests.testAddContextFXML(ContextAreaHandlerTests.java:101)
	at sun.reflect.NativeMethodAccessorImpl.invoke0(Native Method)
	at sun.reflect.NativeMethodAccessorImpl.invoke(NativeMethodAccessorImpl.java:62)
	at sun.reflect.DelegatingMethodAccessorImpl.invoke(DelegatingMethodAccessorImpl.java:43)
	at java.lang.reflect.Method.invoke(Method.java:483)
	at org.junit.runners.model.FrameworkMethod$1.runReflectiveCall(FrameworkMethod.java:50)
	at org.junit.internal.runners.model.ReflectiveCallable.run(ReflectiveCallable.java:12)
	at org.junit.runners.model.FrameworkMethod.invokeExplosively(FrameworkMethod.java:47)
	at org.junit.internal.runners.statements.InvokeMethod.evaluate(InvokeMethod.java:17)
	at org.junit.internal.runners.statements.RunBefores.evaluate(RunBefores.java:26)
	at org.junit.runners.ParentRunner.runLeaf(ParentRunner.java:325)
	at org.junit.runners.BlockJUnit4ClassRunner.runChild(BlockJUnit4ClassRunner.java:78)
	at org.junit.runners.BlockJUnit4ClassRunner.runChild(BlockJUnit4ClassRunner.java:57)
	at org.junit.runners.ParentRunner$3.run(ParentRunner.java:290)
	at org.junit.runners.ParentRunner$1.schedule(ParentRunner.java:71)
	at org.junit.runners.ParentRunner.runChildren(ParentRunner.java:288)
	at org.junit.runners.ParentRunner.access$000(ParentRunner.java:58)
	at org.junit.runners.ParentRunner$2.evaluate(ParentRunner.java:268)
	at org.junit.runners.ParentRunner.run(ParentRunner.java:363)
	at org.gradle.api.internal.tasks.testing.junit.JUnitTestClassExecuter.runTestClass(JUnitTestClassExecuter.java:86)
	at org.gradle.api.internal.tasks.testing.junit.JUnitTestClassExecuter.execute(JUnitTestClassExecuter.java:49)
	at org.gradle.api.internal.tasks.testing.junit.JUnitTestClassProcessor.processTestClass(JUnitTestClassProcessor.java:64)
	at org.gradle.api.internal.tasks.testing.SuiteTestClassProcessor.processTestClass(SuiteTestClassProcessor.java:50)
	at sun.reflect.NativeMethodAccessorImpl.invoke0(Native Method)
	at sun.reflect.NativeMethodAccessorImpl.invoke(NativeMethodAccessorImpl.java:62)
	at sun.reflect.DelegatingMethodAccessorImpl.invoke(DelegatingMethodAccessorImpl.java:43)
	at java.lang.reflect.Method.invoke(Method.java:483)
	at org.gradle.messaging.dispatch.ReflectionDispatch.dispatch(ReflectionDispatch.java:35)
	at org.gradle.messaging.dispatch.ReflectionDispatch.dispatch(ReflectionDispatch.java:24)
	at org.gradle.messaging.dispatch.ContextClassLoaderDispatch.dispatch(ContextClassLoaderDispatch.java:32)
	at org.gradle.messaging.dispatch.ProxyDispatchAdapter$DispatchingInvocationHandler.invoke(ProxyDispatchAdapter.java:93)
	at com.sun.proxy.$Proxy2.processTestClass(Unknown Source)
	at org.gradle.api.internal.tasks.testing.worker.TestWorker.processTestClass(TestWorker.java:106)
	at sun.reflect.NativeMethodAccessorImpl.invoke0(Native Method)
	at sun.reflect.NativeMethodAccessorImpl.invoke(NativeMethodAccessorImpl.java:62)
	at sun.reflect.DelegatingMethodAccessorImpl.invoke(DelegatingMethodAccessorImpl.java:43)
	at java.lang.reflect.Method.invoke(Method.java:483)
	at org.gradle.messaging.dispatch.ReflectionDispatch.dispatch(ReflectionDispatch.java:35)
	at org.gradle.messaging.dispatch.ReflectionDispatch.dispatch(ReflectionDispatch.java:24)
	at org.gradle.messaging.remote.internal.hub.MessageHub$Handler.run(MessageHub.java:360)
	at org.gradle.internal.concurrent.DefaultExecutorFactory$StoppableExecutorImpl$1.run(DefaultExecutorFactory.java:64)
	at java.util.concurrent.ThreadPoolExecutor.runWorker(ThreadPoolExecutor.java:1142)
	at java.util.concurrent.ThreadPoolExecutor$Worker.run(ThreadPoolExecutor.java:617)
	at java.lang.Thread.run(Thread.java:745)
{1=Pane@3221cb4b, 2=Pane@6b1132f6}
]]></system-out>
  <system-err><![CDATA[ vsync: true vpipe: false
Nov 22, 2015 8:05:49 PM javafx.fxml.FXMLLoader$ValueElement processValue
WARNING: Loading FXML document with JavaFX API of version 8.0.40 by JavaFX runtime of version 8.0.20
Nov 22, 2015 8:05:49 PM javafx.fxml.FXMLLoader$ValueElement processValue
WARNING: Loading FXML document with JavaFX API of version 8.0.40 by JavaFX runtime of version 8.0.20
Nov 22, 2015 8:05:49 PM javafx.fxml.FXMLLoader$ValueElement processValue
WARNING: Loading FXML document with JavaFX API of version 8.0.40 by JavaFX runtime of version 8.0.20
Nov 22, 2015 8:05:49 PM javafx.fxml.FXMLLoader$ValueElement processValue
WARNING: Loading FXML document with JavaFX API of version 8.0.40 by JavaFX runtime of version 8.0.20
]]></system-err>
</testsuite>
