<?xml version="1.0" encoding="UTF-8"?>
<testsuite name="minesim.tile.NoiseCreatorTests" tests="3" skipped="0" failures="0" errors="0" timestamp="2015-11-23T02:47:33" hostname="James-PC" time="0.06">
  <properties/>
  <testcase name="testMockedPerlinNoise" classname="minesim.tile.NoiseCreatorTests" time="0.052"/>
  <testcase name="testNoiseCreatorConstructor" classname="minesim.tile.NoiseCreatorTests" time="0.0"/>
  <testcase name="testMockedFractalNoise" classname="minesim.tile.NoiseCreatorTests" time="0.008"/>
  <system-out><![CDATA[]]></system-out>
  <system-err><![CDATA[]]></system-err>
</testsuite>
