<?xml version="1.0" encoding="UTF-8"?>
<testsuite name="notifications.NotificationTests" tests="3" skipped="0" failures="0" errors="0" timestamp="2015-11-22T10:06:18" hostname="Tims-Retina-MacBook-Pro.local" time="0.004">
  <properties/>
  <testcase name="hashTest" classname="notifications.NotificationTests" time="0.001"/>
  <testcase name="equalsTest" classname="notifications.NotificationTests" time="0.0"/>
  <testcase name="creationTest" classname="notifications.NotificationTests" time="0.001"/>
  <system-out><![CDATA[]]></system-out>
  <system-err><![CDATA[]]></system-err>
</testsuite>
