<?xml version="1.0" encoding="UTF-8"?>
<testsuite name="minesim.tile.TileTests" tests="4" skipped="0" failures="0" errors="0" timestamp="2015-11-21T05:21:54" hostname="Tims-Retina-MacBook-Pro.local" time="0.0">
  <properties/>
  <testcase name="testTileInitialise" classname="minesim.tile.TileTests" time="0.0"/>
  <testcase name="testTileGetByIdNull" classname="minesim.tile.TileTests" time="0.0"/>
  <testcase name="testTileGetTexture" classname="minesim.tile.TileTests" time="0.0"/>
  <testcase name="testTileGetById" classname="minesim.tile.TileTests" time="0.0"/>
  <system-out><![CDATA[]]></system-out>
  <system-err><![CDATA[]]></system-err>
</testsuite>
