<?xml version="1.0" encoding="UTF-8"?>
<testsuite name="minesim.inputhandlers.MouseHandlerTest" tests="3" skipped="0" failures="0" errors="0" timestamp="2015-11-23T02:47:32" hostname="James-PC" time="0.616">
  <properties/>
  <testcase name="testSetFunstion" classname="minesim.inputhandlers.MouseHandlerTest" time="0.173"/>
  <testcase name="testPadding" classname="minesim.inputhandlers.MouseHandlerTest" time="0.244"/>
  <testcase name="testRightClickToGroup" classname="minesim.inputhandlers.MouseHandlerTest" time="0.199"/>
  <system-out><![CDATA[minesim.tiles.TileGridManager Generated world of 14 x 12 chunks
minesim.tiles.TileGridManager Generated world of 14 x 12 chunks
minesim.tiles.TileGridManager Generated world of 14 x 12 chunks
]]></system-out>
  <system-err><![CDATA[]]></system-err>
</testsuite>
