<?xml version="1.0" encoding="UTF-8"?>
<testsuite name="minesim.ItemFoodTests" tests="3" skipped="0" failures="0" errors="0" timestamp="2015-11-22T10:05:52" hostname="Tims-Retina-MacBook-Pro.local" time="0.001">
  <properties/>
  <testcase name="testEquipMethods" classname="minesim.ItemFoodTests" time="0.0"/>
  <testcase name="testImageFileExists" classname="minesim.ItemFoodTests" time="0.001"/>
  <testcase name="testFoodConstructor" classname="minesim.ItemFoodTests" time="0.0"/>
  <system-out><![CDATA[]]></system-out>
  <system-err><![CDATA[]]></system-err>
</testsuite>
