<?xml version="1.0" encoding="UTF-8"?>
<testsuite name="minesim.ResizableCanvasTests" tests="2" skipped="0" failures="0" errors="0" timestamp="2015-11-23T02:47:30" hostname="James-PC" time="0.006">
  <properties/>
  <testcase name="initTest" classname="minesim.ResizableCanvasTests" time="0.003"/>
  <testcase name="bindTest" classname="minesim.ResizableCanvasTests" time="0.003"/>
  <system-out><![CDATA[]]></system-out>
  <system-err><![CDATA[]]></system-err>
</testsuite>
