<?xml version="1.0" encoding="UTF-8"?>
<testsuite name="notifications.NotificationManagerTests" tests="3" skipped="0" failures="0" errors="0" timestamp="2015-11-23T02:47:38" hostname="James-PC" time="0.008">
  <properties/>
  <testcase name="stringTest" classname="notifications.NotificationManagerTests" time="0.003"/>
  <testcase name="clearTest" classname="notifications.NotificationManagerTests" time="0.001"/>
  <testcase name="notifyTest" classname="notifications.NotificationManagerTests" time="0.003"/>
  <system-out><![CDATA[]]></system-out>
  <system-err><![CDATA[Exception in thread "JavaFX Application Thread" java.lang.NullPointerException
	at notifications.NotificationView.lambda$update$15(NotificationView.java:49)
	at com.sun.javafx.application.PlatformImpl.lambda$null$174(PlatformImpl.java:295)
	at java.security.AccessController.doPrivileged(Native Method)
	at com.sun.javafx.application.PlatformImpl.lambda$runLater$175(PlatformImpl.java:294)
	at com.sun.glass.ui.monocle.RunnableProcessor.runLoop(RunnableProcessor.java:77)
	at com.sun.glass.ui.monocle.RunnableProcessor.run(RunnableProcessor.java:47)
	at java.lang.Thread.run(Thread.java:745)
Exception in thread "JavaFX Application Thread" java.lang.NullPointerException
	at notifications.NotificationView.lambda$update$15(NotificationView.java:49)
	at com.sun.javafx.application.PlatformImpl.lambda$null$174(PlatformImpl.java:295)
	at java.security.AccessController.doPrivileged(Native Method)
	at com.sun.javafx.application.PlatformImpl.lambda$runLater$175(PlatformImpl.java:294)
	at com.sun.glass.ui.monocle.RunnableProcessor.runLoop(RunnableProcessor.java:77)
	at com.sun.glass.ui.monocle.RunnableProcessor.run(RunnableProcessor.java:47)
	at java.lang.Thread.run(Thread.java:745)
Exception in thread "JavaFX Application Thread" java.lang.NullPointerException
	at notifications.NotificationView.lambda$update$15(NotificationView.java:49)
	at com.sun.javafx.application.PlatformImpl.lambda$null$174(PlatformImpl.java:295)
	at java.security.AccessController.doPrivileged(Native Method)
	at com.sun.javafx.application.PlatformImpl.lambda$runLater$175(PlatformImpl.java:294)
	at com.sun.glass.ui.monocle.RunnableProcessor.runLoop(RunnableProcessor.java:77)
	at com.sun.glass.ui.monocle.RunnableProcessor.run(RunnableProcessor.java:47)
	at java.lang.Thread.run(Thread.java:745)
Exception in thread "JavaFX Application Thread" java.lang.NullPointerException
	at notifications.NotificationView.lambda$update$15(NotificationView.java:49)
	at com.sun.javafx.application.PlatformImpl.lambda$null$174(PlatformImpl.java:295)
	at java.security.AccessController.doPrivileged(Native Method)
	at com.sun.javafx.application.PlatformImpl.lambda$runLater$175(PlatformImpl.java:294)
	at com.sun.glass.ui.monocle.RunnableProcessor.runLoop(RunnableProcessor.java:77)
	at com.sun.glass.ui.monocle.RunnableProcessor.run(RunnableProcessor.java:47)
	at java.lang.Thread.run(Thread.java:745)
Exception in thread "JavaFX Application Thread" java.lang.NullPointerException
	at notifications.NotificationView.lambda$update$15(NotificationView.java:49)
	at com.sun.javafx.application.PlatformImpl.lambda$null$174(PlatformImpl.java:295)
	at java.security.AccessController.doPrivileged(Native Method)
	at com.sun.javafx.application.PlatformImpl.lambda$runLater$175(PlatformImpl.java:294)
	at com.sun.glass.ui.monocle.RunnableProcessor.runLoop(RunnableProcessor.java:77)
	at com.sun.glass.ui.monocle.RunnableProcessor.run(RunnableProcessor.java:47)
	at java.lang.Thread.run(Thread.java:745)
Exception in thread "JavaFX Application Thread" java.lang.NullPointerException
	at notifications.NotificationView.lambda$update$15(NotificationView.java:49)
	at com.sun.javafx.application.PlatformImpl.lambda$null$174(PlatformImpl.java:295)
	at java.security.AccessController.doPrivileged(Native Method)
	at com.sun.javafx.application.PlatformImpl.lambda$runLater$175(PlatformImpl.java:294)
	at com.sun.glass.ui.monocle.RunnableProcessor.runLoop(RunnableProcessor.java:77)
	at com.sun.glass.ui.monocle.RunnableProcessor.run(RunnableProcessor.java:47)
	at java.lang.Thread.run(Thread.java:745)
Exception in thread "JavaFX Application Thread" java.lang.NullPointerException
	at notifications.NotificationView.lambda$update$15(NotificationView.java:49)
	at com.sun.javafx.application.PlatformImpl.lambda$null$174(PlatformImpl.java:295)
	at java.security.AccessController.doPrivileged(Native Method)
	at com.sun.javafx.application.PlatformImpl.lambda$runLater$175(PlatformImpl.java:294)
	at com.sun.glass.ui.monocle.RunnableProcessor.runLoop(RunnableProcessor.java:77)
	at com.sun.glass.ui.monocle.RunnableProcessor.run(RunnableProcessor.java:47)
	at java.lang.Thread.run(Thread.java:745)
Exception in thread "JavaFX Application Thread" java.lang.NullPointerException
	at notifications.NotificationView.lambda$update$15(NotificationView.java:49)
	at com.sun.javafx.application.PlatformImpl.lambda$null$174(PlatformImpl.java:295)
	at java.security.AccessController.doPrivileged(Native Method)
	at com.sun.javafx.application.PlatformImpl.lambda$runLater$175(PlatformImpl.java:294)
	at com.sun.glass.ui.monocle.RunnableProcessor.runLoop(RunnableProcessor.java:77)
	at com.sun.glass.ui.monocle.RunnableProcessor.run(RunnableProcessor.java:47)
	at java.lang.Thread.run(Thread.java:745)
Exception in thread "JavaFX Application Thread" java.lang.NullPointerException
	at notifications.NotificationView.lambda$update$15(NotificationView.java:49)
	at com.sun.javafx.application.PlatformImpl.lambda$null$174(PlatformImpl.java:295)
	at java.security.AccessController.doPrivileged(Native Method)
	at com.sun.javafx.application.PlatformImpl.lambda$runLater$175(PlatformImpl.java:294)
]]></system-err>
</testsuite>
