<?xml version="1.0" encoding="UTF-8"?>
<testsuite name="minesim.menu.BuildingMenuTest" tests="3" skipped="0" failures="0" errors="0" timestamp="2015-11-22T10:06:12" hostname="Tims-Retina-MacBook-Pro.local" time="0.621">
  <properties/>
  <testcase name="backingTest" classname="minesim.menu.BuildingMenuTest" time="0.479"/>
  <testcase name="hideShowTest" classname="minesim.menu.BuildingMenuTest" time="0.08"/>
  <testcase name="initTest" classname="minesim.menu.BuildingMenuTest" time="0.061"/>
  <system-out><![CDATA[]]></system-out>
  <system-err><![CDATA[]]></system-err>
</testsuite>
