<?xml version="1.0" encoding="UTF-8"?>
<testsuite name="minesim.SoundTests" tests="9" skipped="0" failures="0" errors="0" timestamp="2015-11-22T10:06:09" hostname="Tims-Retina-MacBook-Pro.local" time="0.279">
  <properties/>
  <testcase name="testPlayForever" classname="minesim.SoundTests" time="0.177"/>
  <testcase name="testSetVolumeInPlayForever" classname="minesim.SoundTests" time="0.024"/>
  <testcase name="testGetSetVolume" classname="minesim.SoundTests" time="0.002"/>
  <testcase name="testGetSetMute" classname="minesim.SoundTests" time="0.002"/>
  <testcase name="testSoundClipGetSet" classname="minesim.SoundTests" time="0.002"/>
  <testcase name="stopTest" classname="minesim.SoundTests" time="0.004"/>
  <testcase name="playTest" classname="minesim.SoundTests" time="0.004"/>
  <testcase name="testSetVolumeInPlay" classname="minesim.SoundTests" time="0.003"/>
  <testcase name="testingStop" classname="minesim.SoundTests" time="0.049"/>
  <system-out><![CDATA[]]></system-out>
  <system-err><![CDATA[]]></system-err>
</testsuite>
