<?xml version="1.0" encoding="UTF-8"?>
<testsuite name="minesim.PeonSelectortests" tests="5" skipped="4" failures="0" errors="0" timestamp="2015-11-23T02:47:29" hostname="James-PC" time="0.202">
  <properties/>
  <testcase name="testSelectMiners" classname="minesim.PeonSelectortests" time="0.0">
    <skipped/>
  </testcase>
  <testcase name="testIdle" classname="minesim.PeonSelectortests" time="0.2"/>
  <testcase name="testSelectAll" classname="minesim.PeonSelectortests" time="0.0">
    <skipped/>
  </testcase>
  <testcase name="testMoveCamera" classname="minesim.PeonSelectortests" time="0.0">
    <skipped/>
  </testcase>
  <testcase name="testSelectIdle" classname="minesim.PeonSelectortests" time="0.0">
    <skipped/>
  </testcase>
  <system-out><![CDATA[minesim.tiles.TileGridManager Generated world of 14 x 12 chunks
minesim.tiles.TileGridManager Generated world of 14 x 12 chunks
]]></system-out>
  <system-err><![CDATA[]]></system-err>
</testsuite>
