<?xml version="1.0" encoding="UTF-8"?>
<testsuite name="notifications.NotificationTests" tests="3" skipped="0" failures="0" errors="0" timestamp="2015-11-21T05:21:54" hostname="Tims-Retina-MacBook-Pro.local" time="0.0">
  <properties/>
  <testcase name="hashTest" classname="notifications.NotificationTests" time="0.0"/>
  <testcase name="equalsTest" classname="notifications.NotificationTests" time="0.0"/>
  <testcase name="creationTest" classname="notifications.NotificationTests" time="0.0"/>
  <system-out><![CDATA[]]></system-out>
  <system-err><![CDATA[Exception in thread "JavaFX Application Thread" java.lang.NullPointerException
	at notifications.NotificationView.lambda$update$15(NotificationView.java:49)
	at notifications.NotificationView$$Lambda$107/63092178.run(Unknown Source)
	at com.sun.javafx.application.PlatformImpl.lambda$null$164(PlatformImpl.java:292)
	at com.sun.javafx.application.PlatformImpl$$Lambda$56/1540405797.run(Unknown Source)
	at java.security.AccessController.doPrivileged(Native Method)
	at com.sun.javafx.application.PlatformImpl.lambda$runLater$165(PlatformImpl.java:291)
	at com.sun.javafx.application.PlatformImpl$$Lambda$54/1428592870.run(Unknown Source)
	at com.sun.glass.ui.monocle.RunnableProcessor.runLoop(RunnableProcessor.java:77)
	at com.sun.glass.ui.monocle.RunnableProcessor.run(RunnableProcessor.java:47)
	at java.lang.Thread.run(Thread.java:745)
]]></system-err>
</testsuite>
