<?xml version="1.0" encoding="UTF-8"?>
<testsuite name="minesim.functions.AddEntityOnMouseClickTest" tests="3" skipped="0" failures="0" errors="0" timestamp="2015-11-23T02:47:31" hostname="James-PC" time="0.419">
  <properties/>
  <testcase name="testAddEntitySuccess" classname="minesim.functions.AddEntityOnMouseClickTest" time="0.211"/>
  <testcase name="testAddEntityFail" classname="minesim.functions.AddEntityOnMouseClickTest" time="0.208"/>
  <testcase name="testSetBuildMode" classname="minesim.functions.AddEntityOnMouseClickTest" time="0.0"/>
  <system-out><![CDATA[minesim.tiles.TileGridManager Generated world of 14 x 12 chunks
minesim.tiles.TileGridManager Generated world of 14 x 12 chunks
]]></system-out>
  <system-err><![CDATA[]]></system-err>
</testsuite>
