<?xml version="1.0" encoding="UTF-8"?>
<testsuite name="minesim.tile.NoiseCreatorTests" tests="3" skipped="0" failures="0" errors="0" timestamp="2015-11-22T10:06:13" hostname="Tims-Retina-MacBook-Pro.local" time="0.04">
  <properties/>
  <testcase name="testMockedPerlinNoise" classname="minesim.tile.NoiseCreatorTests" time="0.022"/>
  <testcase name="testNoiseCreatorConstructor" classname="minesim.tile.NoiseCreatorTests" time="0.001"/>
  <testcase name="testMockedFractalNoise" classname="minesim.tile.NoiseCreatorTests" time="0.017"/>
  <system-out><![CDATA[]]></system-out>
  <system-err><![CDATA[]]></system-err>
</testsuite>
