<?xml version="1.0" encoding="UTF-8"?>
<testsuite name="minesim.SoundTests" tests="9" skipped="0" failures="0" errors="0" timestamp="2015-11-23T02:47:30" hostname="James-PC" time="0.216">
  <properties/>
  <testcase name="stopTest" classname="minesim.SoundTests" time="0.151"/>
  <testcase name="testPlayForever" classname="minesim.SoundTests" time="0.001"/>
  <testcase name="testGetSetVolume" classname="minesim.SoundTests" time="0.001"/>
  <testcase name="testGetSetMute" classname="minesim.SoundTests" time="0.001"/>
  <testcase name="testSetVolumeInPlay" classname="minesim.SoundTests" time="0.02"/>
  <testcase name="testSetVolumeInPlayForever" classname="minesim.SoundTests" time="0.002"/>
  <testcase name="testingStop" classname="minesim.SoundTests" time="0.033"/>
  <testcase name="playTest" classname="minesim.SoundTests" time="0.002"/>
  <testcase name="testSoundClipGetSet" classname="minesim.SoundTests" time="0.001"/>
  <system-out><![CDATA[]]></system-out>
  <system-err><![CDATA[]]></system-err>
</testsuite>
