<?xml version="1.0" encoding="UTF-8"?>
<testsuite name="minesim.menu.ButtonTests" tests="1" skipped="0" failures="0" errors="0" timestamp="2015-11-23T02:47:33" hostname="James-PC" time="0.007">
  <properties/>
  <testcase name="buttonTest" classname="minesim.menu.ButtonTests" time="0.007"/>
  <system-out><![CDATA[]]></system-out>
  <system-err><![CDATA[]]></system-err>
</testsuite>
