<?xml version="1.0" encoding="UTF-8"?>
<testsuite name="minesim.inputhandlers.MouseHandlerTest" tests="3" skipped="0" failures="0" errors="0" timestamp="2015-11-22T10:06:11" hostname="Tims-Retina-MacBook-Pro.local" time="0.758">
  <properties/>
  <testcase name="testSetFunstion" classname="minesim.inputhandlers.MouseHandlerTest" time="0.259"/>
  <testcase name="testPadding" classname="minesim.inputhandlers.MouseHandlerTest" time="0.251"/>
  <testcase name="testRightClickToGroup" classname="minesim.inputhandlers.MouseHandlerTest" time="0.247"/>
  <system-out><![CDATA[minesim.tiles.TileGridManager Generated world of 14 x 12 chunks
minesim.tiles.TileGridManager Generated world of 14 x 12 chunks
minesim.tiles.TileGridManager Generated world of 14 x 12 chunks
]]></system-out>
  <system-err><![CDATA[]]></system-err>
</testsuite>
